{
  "stats": {
    "suites": 1,
    "tests": 1,
    "passes": 1,
    "pending": 0,
    "failures": 0,
    "start": "2025-09-21T21:35:09.652Z",
    "end": "2025-09-21T21:35:15.402Z",
    "duration": 5750,
    "testsRegistered": 1,
    "passPercent": 100,
    "pendingPercent": 0,
    "other": 0,
    "hasOther": false,
    "skipped": 0,
    "hasSkipped": false
  },
  "results": [
    {
      "uuid": "cbca759a-2f42-4723-b44e-78ad9b5d079e",
      "title": "",
      "fullFile": "cypress\\e2e\\products\\TC08_all_products.cy.js",
      "file": "cypress\\e2e\\products\\TC08_all_products.cy.js",
      "beforeHooks": [],
      "afterHooks": [],
      "tests": [],
      "suites": [
        {
          "uuid": "8027c342-2767-47b6-985f-e676647a3aef",
          "title": "TC08 - Verify All Products and Product Detail Page",
          "fullFile": "",
          "file": "",
          "beforeHooks": [],
          "afterHooks": [],
          "tests": [
            {
              "title": "Should display all products and product detail",
              "fullTitle": "TC08 - Verify All Products and Product Detail Page Should display all products and product detail",
              "timedOut": null,
              "duration": 5713,
              "state": "passed",
              "speed": "medium",
              "pass": true,
              "fail": false,
              "pending": false,
              "context": null,
              "code": "// Step 1-3: Visit and verify home\ncy.visit(\"/\");\nhome.getMainBanner().should(\"be.visible\");\n// Step 4-5: Navigate to products and verify\nhome.getProductsButton().click();\nproducts.verifyAllProductsPage();\n// Step 6: Product list is visible\ncy.get(products.productCards).should(\"be.visible\").and(\"have.length.greaterThan\", 0);\n// Step 7: Click first product \"View Product\"\ncy.get(products.productCards).first().contains(\"View Product\").click();\n// Step 8-9: Verify product detail is visible\nproducts.verifyProductDetailVisible();\ncy.contains(\"Category:\").should(\"be.visible\");\ncy.contains(\"Availability:\").should(\"be.visible\");\ncy.contains(\"Condition:\").should(\"be.visible\");\ncy.contains(\"Brand:\").should(\"be.visible\");",
              "err": {},
              "uuid": "9ee792c1-e9d8-492e-a0b4-7e4d79d74be5",
              "parentUUID": "8027c342-2767-47b6-985f-e676647a3aef",
              "isHook": false,
              "skipped": false
            }
          ],
          "suites": [],
          "passes": [
            "9ee792c1-e9d8-492e-a0b4-7e4d79d74be5"
          ],
          "failures": [],
          "pending": [],
          "skipped": [],
          "duration": 5713,
          "root": false,
          "rootEmpty": false,
          "_timeout": 2000
        }
      ],
      "passes": [],
      "failures": [],
      "pending": [],
      "skipped": [],
      "duration": 0,
      "root": true,
      "rootEmpty": true,
      "_timeout": 2000
    }
  ],
  "meta": {
    "mocha": {
      "version": "7.2.0"
    },
    "mochawesome": {
      "options": {
        "quiet": false,
        "reportFilename": "mochawesome",
        "saveHtml": false,
        "saveJson": true,
        "consoleReporter": "spec",
        "useInlineDiffs": false,
        "code": true
      },
      "version": "7.1.4"
    },
    "marge": {
      "options": {
        "reportDir": "results/mochawesome",
        "overwrite": false,
        "html": false,
        "json": true
      },
      "version": "6.3.0"
    }
  }
}