{
  "stats": {
    "suites": 1,
    "tests": 1,
    "passes": 1,
    "pending": 0,
    "failures": 0,
    "start": "2025-09-21T21:36:17.122Z",
    "end": "2025-09-21T21:37:02.299Z",
    "duration": 45177,
    "testsRegistered": 1,
    "passPercent": 100,
    "pendingPercent": 0,
    "other": 0,
    "hasOther": false,
    "skipped": 0,
    "hasSkipped": false
  },
  "results": [
    {
      "uuid": "ea16884b-c97b-4aa1-a097-feb8219f7c0c",
      "title": "",
      "fullFile": "cypress\\e2e\\cart\\TC12_add_products_in_cart.cy.js",
      "file": "cypress\\e2e\\cart\\TC12_add_products_in_cart.cy.js",
      "beforeHooks": [],
      "afterHooks": [],
      "tests": [],
      "suites": [
        {
          "uuid": "a3735941-0aef-4070-8e85-3abb58d01ad0",
          "title": "TC12 - Add Products in Cart",
          "fullFile": "",
          "file": "",
          "beforeHooks": [],
          "afterHooks": [],
          "tests": [
            {
              "title": "Add two products and verify details in cart",
              "fullTitle": "TC12 - Add Products in Cart Add two products and verify details in cart",
              "timedOut": null,
              "duration": 45089,
              "state": "passed",
              "speed": "slow",
              "pass": true,
              "fail": false,
              "pending": false,
              "context": null,
              "code": "// Step 1-3: Visit home page and verify\ncy.visit(\"/\");\nhome.getMainBanner().should(\"be.visible\");\n// Step 4: Navigate to Products\nhome.getProductsButton().click();\nproducts.verifyAllProductsPage();\n// Step 5-7: Add first and second product to cart\nproducts.addProductToCartByIndex(0);\nproducts.clickContinueShopping();\nproducts.addProductToCartByIndex(1);\n// Step 8: View Cart\nproducts.clickViewCart();\n// Step 9: Verify both products are added\ncart.verifyCartPageVisible();\ncart.verifyProductsInCart([0, 1]);\n// Step 10: Verify prices, quantity, and totals\ncart.verifyCartDetails();",
              "err": {},
              "uuid": "d1e8a341-9064-442a-907e-45bfbc5018d5",
              "parentUUID": "a3735941-0aef-4070-8e85-3abb58d01ad0",
              "isHook": false,
              "skipped": false
            }
          ],
          "suites": [],
          "passes": [
            "d1e8a341-9064-442a-907e-45bfbc5018d5"
          ],
          "failures": [],
          "pending": [],
          "skipped": [],
          "duration": 45089,
          "root": false,
          "rootEmpty": false,
          "_timeout": 2000
        }
      ],
      "passes": [],
      "failures": [],
      "pending": [],
      "skipped": [],
      "duration": 0,
      "root": true,
      "rootEmpty": true,
      "_timeout": 2000
    }
  ],
  "meta": {
    "mocha": {
      "version": "7.2.0"
    },
    "mochawesome": {
      "options": {
        "quiet": false,
        "reportFilename": "mochawesome",
        "saveHtml": false,
        "saveJson": true,
        "consoleReporter": "spec",
        "useInlineDiffs": false,
        "code": true
      },
      "version": "7.1.4"
    },
    "marge": {
      "options": {
        "reportDir": "results/mochawesome",
        "overwrite": false,
        "html": false,
        "json": true
      },
      "version": "6.3.0"
    }
  }
}