{
  "stats": {
    "suites": 21,
    "tests": 21,
    "passes": 21,
    "pending": 0,
    "failures": 0,
    "testsRegistered": 21,
    "passPercent": 100,
    "pendingPercent": 0,
    "other": 0,
    "hasOther": false,
    "skipped": 0,
    "hasSkipped": false,
    "start": "2025-09-21T21:30:50.235Z",
    "end": "2025-09-21T21:37:59.327Z",
    "duration": 429092
  },
  "results": [
    {
      "uuid": "6555be26-66ef-4bbe-86c5-10382367baf1",
      "title": "",
      "fullFile": "cypress\\e2e\\auth\\TC02_login_user.cy.js",
      "file": "cypress\\e2e\\auth\\TC02_login_user.cy.js",
      "beforeHooks": [],
      "afterHooks": [],
      "tests": [],
      "suites": [
        {
          "uuid": "ded79528-ffe9-43e1-85cf-9e8bc34a5bc6",
          "title": "TC02 - Login User with correct credentials",
          "fullFile": "",
          "file": "",
          "beforeHooks": [],
          "afterHooks": [],
          "tests": [
            {
              "title": "Register, logout, login again, and delete account",
              "fullTitle": "TC02 - Login User with correct credentials Register, logout, login again, and delete account",
              "timedOut": null,
              "duration": 19964,
              "state": "passed",
              "speed": "slow",
              "pass": true,
              "fail": false,
              "pending": false,
              "context": null,
              "code": "const home = new _HomePage.default();\nconst auth = new _AuthPage.default();\nconst account = new _AccountPage.default();\n// --- Generate random user ---\nconst user = {\n  name: _faker.faker.person.firstName() + ' ' + _faker.faker.person.lastName(),\n  email: _faker.faker.internet.email(),\n  password: _faker.faker.internet.password(),\n  day: '10',\n  month: '5',\n  year: '1990',\n  firstName: _faker.faker.person.firstName(),\n  lastName: _faker.faker.person.lastName(),\n  company: _faker.faker.company.name(),\n  address1: _faker.faker.location.streetAddress(),\n  address2: _faker.faker.location.secondaryAddress(),\n  country: 'Canada',\n  state: _faker.faker.location.state(),\n  city: _faker.faker.location.city(),\n  zipcode: _faker.faker.location.zipCode(),\n  mobileNumber: _faker.faker.phone.number()\n};\n// --- Step 1: Register new user ---\ncy.visit('/');\nhome.getMainBanner().should('be.visible');\nhome.getSignupLoginButton().click();\nauth.getNewUserSignupTitle().should('be.visible');\nauth.fillSignupNameEmail(user.name, user.email);\nauth.submitSignup();\nauth.fillAccountInformation(user);\nauth.submitCreateAccount();\nauth.getAccountCreatedTitle().should('be.visible');\nauth.getContinueButton().click();\n// Verify user is logged in\ncy.contains(`Logged in as ${user.name}`, {\n  timeout: 15000\n}).should('be.visible');\n// --- Step 2: Logout ---\naccount.getLogoutButton().click();\nauth.getLoginTitle().should('be.visible');\n// --- Step 3: Login with same user ---\nauth.fillLogin(user.email, user.password);\nauth.submitLogin();\n// Verify login success\ncy.get('a[href=\"/logout\"]', {\n  timeout: 15000\n}).should('be.visible');\ncy.contains(`Logged in as ${user.name}`, {\n  timeout: 15000\n}).should('be.visible');\n// --- Step 4: Delete account ---\naccount.getDeleteAccountButton().click();\naccount.getAccountDeletedTitle().should('be.visible');\ncy.get('a').contains('Continue').click();",
              "err": {},
              "uuid": "f199bc15-ae01-4a44-893d-96ab5c399272",
              "parentUUID": "ded79528-ffe9-43e1-85cf-9e8bc34a5bc6",
              "isHook": false,
              "skipped": false
            }
          ],
          "suites": [],
          "passes": [
            "f199bc15-ae01-4a44-893d-96ab5c399272"
          ],
          "failures": [],
          "pending": [],
          "skipped": [],
          "duration": 19964,
          "root": false,
          "rootEmpty": false,
          "_timeout": 2000
        }
      ],
      "passes": [],
      "failures": [],
      "pending": [],
      "skipped": [],
      "duration": 0,
      "root": true,
      "rootEmpty": true,
      "_timeout": 2000
    },
    {
      "uuid": "b55a8b29-89aa-4f2e-a508-75a7628530e6",
      "title": "",
      "fullFile": "cypress\\e2e\\auth\\TC03_login_incorrect.cy.js",
      "file": "cypress\\e2e\\auth\\TC03_login_incorrect.cy.js",
      "beforeHooks": [],
      "afterHooks": [],
      "tests": [],
      "suites": [
        {
          "uuid": "b3ad2cee-56be-4e67-9043-dc90aa5dc654",
          "title": "TC03 - Login User with incorrect credentials",
          "fullFile": "",
          "file": "",
          "beforeHooks": [],
          "afterHooks": [],
          "tests": [
            {
              "title": "Login with invalid email and password",
              "fullTitle": "TC03 - Login User with incorrect credentials Login with invalid email and password",
              "timedOut": null,
              "duration": 6515,
              "state": "passed",
              "speed": "medium",
              "pass": true,
              "fail": false,
              "pending": false,
              "context": null,
              "code": "const home = new _HomePage.default();\nconst auth = new _AuthPage.default();\n// --- Generate fake invalid credentials ---\nconst invalidEmail = _faker.faker.internet.email();\nconst invalidPassword = _faker.faker.internet.password();\n// Step 1: Visit home page\ncy.visit('/');\nhome.getMainBanner().should('be.visible');\n// Step 2: Go to Signup/Login\nhome.getSignupLoginButton().click();\n// Step 3: Verify login form\nauth.getLoginTitle().should('be.visible');\n// Step 4: Fill invalid credentials\nauth.fillLogin(invalidEmail, invalidPassword);\nauth.submitLogin();\n// Step 5: Verify error message\ncy.contains('Your email or password is incorrect!', {\n  timeout: 10000\n}).should('be.visible');",
              "err": {},
              "uuid": "aaebff8c-9671-41dc-a2c7-3d04015e478b",
              "parentUUID": "b3ad2cee-56be-4e67-9043-dc90aa5dc654",
              "isHook": false,
              "skipped": false
            }
          ],
          "suites": [],
          "passes": [
            "aaebff8c-9671-41dc-a2c7-3d04015e478b"
          ],
          "failures": [],
          "pending": [],
          "skipped": [],
          "duration": 6515,
          "root": false,
          "rootEmpty": false,
          "_timeout": 2000
        }
      ],
      "passes": [],
      "failures": [],
      "pending": [],
      "skipped": [],
      "duration": 0,
      "root": true,
      "rootEmpty": true,
      "_timeout": 2000
    },
    {
      "uuid": "9fd5864e-1eba-4f05-918c-6b7c12d40de9",
      "title": "",
      "fullFile": "cypress\\e2e\\auth\\TC04_logout.cy.js",
      "file": "cypress\\e2e\\auth\\TC04_logout.cy.js",
      "beforeHooks": [],
      "afterHooks": [],
      "tests": [],
      "suites": [
        {
          "uuid": "7b89c9df-fe9c-4443-a924-94118d78ae4e",
          "title": "TC04 - Logout User After Login",
          "fullFile": "",
          "file": "",
          "beforeHooks": [],
          "afterHooks": [],
          "tests": [
            {
              "title": "Register, login, logout, and verify login page",
              "fullTitle": "TC04 - Logout User After Login Register, login, logout, and verify login page",
              "timedOut": null,
              "duration": 13743,
              "state": "passed",
              "speed": "slow",
              "pass": true,
              "fail": false,
              "pending": false,
              "context": null,
              "code": "const home = new _HomePage.default();\nconst auth = new _AuthPage.default();\nconst account = new _AccountPage.default();\n// --- Generate random user ---\nconst user = {\n  name: _faker.faker.person.firstName() + ' ' + _faker.faker.person.lastName(),\n  email: _faker.faker.internet.email(),\n  password: _faker.faker.internet.password(),\n  day: '10',\n  month: '5',\n  year: '1990',\n  firstName: _faker.faker.person.firstName(),\n  lastName: _faker.faker.person.lastName(),\n  company: _faker.faker.company.name(),\n  address1: _faker.faker.location.streetAddress(),\n  address2: _faker.faker.location.secondaryAddress(),\n  country: 'Canada',\n  state: _faker.faker.location.state(),\n  city: _faker.faker.location.city(),\n  zipcode: _faker.faker.location.zipCode(),\n  mobileNumber: _faker.faker.phone.number()\n};\n// --- Step 1: Register user ---\ncy.visit('/');\nhome.getMainBanner().should('be.visible');\nhome.getSignupLoginButton().click();\nauth.getNewUserSignupTitle().should('be.visible');\nauth.fillSignupNameEmail(user.name, user.email);\nauth.submitSignup();\nauth.fillAccountInformation(user);\nauth.submitCreateAccount();\nauth.getAccountCreatedTitle().should('be.visible');\nauth.getContinueButton().click();\n// --- Step 2: Verify user is logged in ---\ncy.contains(`Logged in as ${user.name}`, {\n  timeout: 15000\n}).should('be.visible');\n// --- Step 3: Logout ---\naccount.getLogoutButton().click();\n// --- Step 4: Verify back on login page ---\nauth.getLoginTitle().should('be.visible');",
              "err": {},
              "uuid": "eb030297-b110-421d-b74b-a787300caac9",
              "parentUUID": "7b89c9df-fe9c-4443-a924-94118d78ae4e",
              "isHook": false,
              "skipped": false
            }
          ],
          "suites": [],
          "passes": [
            "eb030297-b110-421d-b74b-a787300caac9"
          ],
          "failures": [],
          "pending": [],
          "skipped": [],
          "duration": 13743,
          "root": false,
          "rootEmpty": false,
          "_timeout": 2000
        }
      ],
      "passes": [],
      "failures": [],
      "pending": [],
      "skipped": [],
      "duration": 0,
      "root": true,
      "rootEmpty": true,
      "_timeout": 2000
    },
    {
      "uuid": "5016bebc-94f8-4155-a739-d3284bc76773",
      "title": "",
      "fullFile": "cypress\\e2e\\auth\\TC05_register_existinguser.cy.js",
      "file": "cypress\\e2e\\auth\\TC05_register_existinguser.cy.js",
      "beforeHooks": [],
      "afterHooks": [],
      "tests": [],
      "suites": [
        {
          "uuid": "de41104a-22f3-4e49-b8c0-16ced91fb1e3",
          "title": "TC05 - Register User with existing email",
          "fullFile": "",
          "file": "",
          "beforeHooks": [],
          "afterHooks": [],
          "tests": [
            {
              "title": "Should show error when trying to sign up with already registered email",
              "fullTitle": "TC05 - Register User with existing email Should show error when trying to sign up with already registered email",
              "timedOut": null,
              "duration": 16479,
              "state": "passed",
              "speed": "slow",
              "pass": true,
              "fail": false,
              "pending": false,
              "context": null,
              "code": "const home = new _HomePage.default();\nconst auth = new _AuthPage.default();\n// --- Generate random user ---\nconst user = {\n  name: _faker.faker.person.firstName() + ' ' + _faker.faker.person.lastName(),\n  email: _faker.faker.internet.email(),\n  password: _faker.faker.internet.password(),\n  day: '15',\n  month: '6',\n  year: '1995',\n  firstName: _faker.faker.person.firstName(),\n  lastName: _faker.faker.person.lastName(),\n  company: _faker.faker.company.name(),\n  address1: _faker.faker.location.streetAddress(),\n  address2: _faker.faker.location.secondaryAddress(),\n  country: 'Canada',\n  state: _faker.faker.location.state(),\n  city: _faker.faker.location.city(),\n  zipcode: _faker.faker.location.zipCode(),\n  mobileNumber: _faker.faker.phone.number()\n};\n// --- Step 1: Register user first ---\ncy.visit('/');\nhome.getMainBanner().should('be.visible');\nhome.getSignupLoginButton().click();\nauth.getNewUserSignupTitle().should('be.visible');\nauth.fillSignupNameEmail(user.name, user.email);\nauth.submitSignup();\nauth.fillAccountInformation(user);\nauth.submitCreateAccount();\nauth.getAccountCreatedTitle().should('be.visible');\nauth.getContinueButton().click();\ncy.contains(`Logged in as ${user.name}`, {\n  timeout: 15000\n}).should('be.visible');\n// Logout so we can access signup again\ncy.get('a[href=\"/logout\"]').click();\nauth.getLoginTitle().should('be.visible');\n// --- Step 2: Try registering again with the same email ---\nauth.getNewUserSignupTitle().should('be.visible');\nauth.fillSignupNameEmail(user.name, user.email);\nauth.submitSignup();\n// --- Step 3: Verify error message via page object ---\nauth.getSignupError().should('be.visible');",
              "err": {},
              "uuid": "49dc22cb-90f3-45d4-8b2e-0408a26a5f4d",
              "parentUUID": "de41104a-22f3-4e49-b8c0-16ced91fb1e3",
              "isHook": false,
              "skipped": false
            }
          ],
          "suites": [],
          "passes": [
            "49dc22cb-90f3-45d4-8b2e-0408a26a5f4d"
          ],
          "failures": [],
          "pending": [],
          "skipped": [],
          "duration": 16479,
          "root": false,
          "rootEmpty": false,
          "_timeout": 2000
        }
      ],
      "passes": [],
      "failures": [],
      "pending": [],
      "skipped": [],
      "duration": 0,
      "root": true,
      "rootEmpty": true,
      "_timeout": 2000
    },
    {
      "uuid": "93de511e-56a4-4670-8e2c-5051f249e2d5",
      "title": "",
      "fullFile": "cypress\\e2e\\checkout\\TC14_register_during_checkout.cy.js",
      "file": "cypress\\e2e\\checkout\\TC14_register_during_checkout.cy.js",
      "beforeHooks": [],
      "afterHooks": [],
      "tests": [],
      "suites": [
        {
          "uuid": "d6809ff3-3cf1-4f3f-91f3-31dff18fcda7",
          "title": "TC14 - Place Order: Register while Checkout",
          "fullFile": "",
          "file": "",
          "beforeHooks": [],
          "afterHooks": [],
          "tests": [
            {
              "title": "Should register user during checkout and place order",
              "fullTitle": "TC14 - Place Order: Register while Checkout Should register user during checkout and place order",
              "timedOut": null,
              "duration": 28201,
              "state": "passed",
              "speed": "slow",
              "pass": true,
              "fail": false,
              "pending": false,
              "context": null,
              "code": "const home = new _HomePage.default();\nconst products = new _ProductsPage.default();\nconst cart = new _CartPage.default();\nconst auth = new _AuthPage.default();\nconst account = new _AccountPage.default();\nconst checkout = new _CheckoutPage.default();\nconst payment = new _PaymentPage.default();\nconst user = {\n  title: \"Mr\",\n  name: _faker.faker.person.firstName(),\n  email: _faker.faker.internet.email(),\n  password: \"Test@1234\",\n  day: \"1\",\n  month: \"1\",\n  year: \"1990\",\n  firstName: _faker.faker.person.firstName(),\n  lastName: _faker.faker.person.lastName(),\n  company: \"ACME Inc.\",\n  address1: \"123 Test St\",\n  address2: \"Apt 2\",\n  country: \"Canada\",\n  state: \"Ontario\",\n  city: \"Toronto\",\n  zipcode: \"1000\",\n  mobileNumber: \"09171234567\",\n  newsletter: true,\n  offers: true\n};\n// Step 1: Visit home page\ncy.visit(\"/\");\nhome.getMainBanner().should(\"be.visible\");\n// Step 2: Navigate to Products and add first product to cart\nhome.getProductsButton().click();\nproducts.verifyAllProductsPage();\ncart.addProductToCartByIndex(0); // ✅ now handles modal + redirects to cart\n// Step 3: Proceed to checkout from cart\ncart.clickProceedToCheckout();\n// Step 4: Register during checkout\ncheckout.clickRegisterLogin();\nauth.fillSignupNameEmail(user.name, user.email);\nauth.submitSignup();\nauth.fillAccountInformation(user);\nauth.submitCreateAccount();\nauth.getAccountCreatedTitle().should(\"be.visible\");\nauth.clickContinueAfterAccountAction();\n// Step 5: Confirm logged in\naccount.getLoggedInAs(user.name).should(\"be.visible\");\n// Step 6: Go back to Cart via top nav and proceed to checkout again\ncart.clickCartTopNav();\ncart.clickProceedToCheckout();\n// Step 7: Verify addresses and review order\ncheckout.verifyAddressDetails(user);\ncheckout.verifyReviewOrder();\ncheckout.fillOrderComment(\"Please deliver fast\");\n// Step 8: Place order\ncheckout.clickPlaceOrder();\npayment.fillPaymentDetails({\n  name: `${user.firstName} ${user.lastName}`,\n  cardNumber: \"4111111111111111\",\n  cvc: \"123\",\n  expiryMonth: \"12\",\n  expiryYear: \"2030\"\n});\npayment.submitPayment();\npayment.verifyPaymentSuccess();\n// Step 9: Delete account after test\naccount.getDeleteAccountButton().click();\naccount.getAccountDeletedTitle().should(\"be.visible\");\nauth.clickContinueAfterAccountAction();",
              "err": {},
              "uuid": "2cc086e0-2f55-4db1-bcf0-5701ce4ea6e3",
              "parentUUID": "d6809ff3-3cf1-4f3f-91f3-31dff18fcda7",
              "isHook": false,
              "skipped": false
            }
          ],
          "suites": [],
          "passes": [
            "2cc086e0-2f55-4db1-bcf0-5701ce4ea6e3"
          ],
          "failures": [],
          "pending": [],
          "skipped": [],
          "duration": 28201,
          "root": false,
          "rootEmpty": false,
          "_timeout": 2000
        }
      ],
      "passes": [],
      "failures": [],
      "pending": [],
      "skipped": [],
      "duration": 0,
      "root": true,
      "rootEmpty": true,
      "_timeout": 2000
    },
    {
      "uuid": "88f313c4-8f06-419a-a568-858222222c41",
      "title": "",
      "fullFile": "cypress\\e2e\\checkout\\TC15_register_before_checkout.cy.js",
      "file": "cypress\\e2e\\checkout\\TC15_register_before_checkout.cy.js",
      "beforeHooks": [],
      "afterHooks": [],
      "tests": [],
      "suites": [
        {
          "uuid": "f3cb8208-1b93-48ab-890f-23b984fd1e71",
          "title": "TC15 - Place Order: Register before Checkout",
          "fullFile": "",
          "file": "",
          "beforeHooks": [],
          "afterHooks": [],
          "tests": [
            {
              "title": "Should register user before checkout and place order",
              "fullTitle": "TC15 - Place Order: Register before Checkout Should register user before checkout and place order",
              "timedOut": null,
              "duration": 21974,
              "state": "passed",
              "speed": "slow",
              "pass": true,
              "fail": false,
              "pending": false,
              "context": null,
              "code": "const home = new _HomePage.default();\nconst products = new _ProductsPage.default();\nconst cart = new _CartPage.default();\nconst auth = new _AuthPage.default();\nconst account = new _AccountPage.default();\nconst checkout = new _CheckoutPage.default();\nconst payment = new _PaymentPage.default();\nconst user = {\n  title: \"Mr\",\n  name: _faker.faker.person.firstName(),\n  email: _faker.faker.internet.email(),\n  password: \"Test@1234\",\n  day: \"5\",\n  month: \"6\",\n  year: \"1990\",\n  firstName: _faker.faker.person.firstName(),\n  lastName: _faker.faker.person.lastName(),\n  company: \"Test Co\",\n  address1: \"123 Test St\",\n  address2: \"Suite 5\",\n  country: \"Canada\",\n  state: \"Ontario\",\n  city: \"Toronto\",\n  zipcode: \"5000\",\n  mobileNumber: \"09170001111\",\n  newsletter: true,\n  offers: true\n};\n// Step 1: Visit home page\ncy.visit(\"/\");\nhome.getMainBanner().should(\"be.visible\");\n// Step 2–6: Register new user\nhome.getSignupLoginButton().click();\nauth.fillSignupNameEmail(user.name, user.email);\nauth.submitSignup();\nauth.fillAccountInformation(user);\nauth.submitCreateAccount();\nauth.getAccountCreatedTitle().should(\"be.visible\");\nauth.clickContinueAfterAccountAction();\n// Step 7: Confirm logged in\naccount.getLoggedInAs(user.name).should(\"be.visible\");\n// Step 8–10: Add product & view cart\nhome.getProductsButton().click();\nproducts.verifyAllProductsPage();\ncart.addProductToCartByIndex(0); // ✅ goes straight to cart\ncart.verifyCartPageVisible();\n// Step 11: Proceed to checkout\ncart.clickProceedToCheckout();\n// Step 12: Verify checkout details\ncheckout.verifyAddressDetails(user);\ncheckout.verifyReviewOrder();\n// Step 13–15: Place order\ncheckout.fillOrderComment(\"Test order\");\ncheckout.clickPlaceOrder();\npayment.fillPaymentDetails({\n  name: `${user.firstName} ${user.lastName}`,\n  cardNumber: \"4111111111111111\",\n  cvc: \"123\",\n  expiryMonth: \"12\",\n  expiryYear: \"2030\"\n});\npayment.submitPayment();\npayment.verifyPaymentSuccess();\n// Step 17–18: Delete account after test\naccount.getDeleteAccountButton().click();\naccount.getAccountDeletedTitle().should(\"be.visible\");\nauth.clickContinueAfterAccountAction();",
              "err": {},
              "uuid": "b413e9b5-1816-4cc7-a3dd-13066ea49dcf",
              "parentUUID": "f3cb8208-1b93-48ab-890f-23b984fd1e71",
              "isHook": false,
              "skipped": false
            }
          ],
          "suites": [],
          "passes": [
            "b413e9b5-1816-4cc7-a3dd-13066ea49dcf"
          ],
          "failures": [],
          "pending": [],
          "skipped": [],
          "duration": 21974,
          "root": false,
          "rootEmpty": false,
          "_timeout": 2000
        }
      ],
      "passes": [],
      "failures": [],
      "pending": [],
      "skipped": [],
      "duration": 0,
      "root": true,
      "rootEmpty": true,
      "_timeout": 2000
    },
    {
      "uuid": "6a565cf9-d2bc-42f0-a146-5a79bf054da9",
      "title": "",
      "fullFile": "cypress\\e2e\\checkout\\TC16_login_before_checkout.cy.js",
      "file": "cypress\\e2e\\checkout\\TC16_login_before_checkout.cy.js",
      "beforeHooks": [],
      "afterHooks": [],
      "tests": [],
      "suites": [
        {
          "uuid": "d17c9fd3-6c58-458d-8dd4-e4ddf72c3222",
          "title": "TC16 - Place Order: Login before Checkout",
          "fullFile": "",
          "file": "",
          "beforeHooks": [],
          "afterHooks": [],
          "tests": [
            {
              "title": "Should login before checkout and place order",
              "fullTitle": "TC16 - Place Order: Login before Checkout Should login before checkout and place order",
              "timedOut": null,
              "duration": 28532,
              "state": "passed",
              "speed": "slow",
              "pass": true,
              "fail": false,
              "pending": false,
              "context": null,
              "code": "const home = new _HomePage.default();\nconst products = new _ProductsPage.default();\nconst cart = new _CartPage.default();\nconst auth = new _AuthPage.default();\nconst account = new _AccountPage.default();\nconst checkout = new _CheckoutPage.default();\nconst payment = new _PaymentPage.default();\n// ✅ Generate a random user for registration\nconst user = {\n  title: \"Mr\",\n  name: _faker.faker.person.firstName(),\n  email: _faker.faker.internet.email(),\n  password: \"Test@1234\",\n  day: \"10\",\n  month: \"7\",\n  year: \"1992\",\n  firstName: _faker.faker.person.firstName(),\n  lastName: _faker.faker.person.lastName(),\n  company: \"Global Tech\",\n  address1: \"456 Example Ave\",\n  address2: \"Floor 3\",\n  country: \"Canada\",\n  state: \"Ontario\",\n  city: \"Toronto\",\n  zipcode: \"2000\",\n  mobileNumber: \"09171234568\",\n  newsletter: false,\n  offers: false\n};\n// Step 1: Visit home page\ncy.visit(\"/\");\nhome.getMainBanner().should(\"be.visible\");\n// Step 2–6: First register the user\nhome.getSignupLoginButton().click();\nauth.fillSignupNameEmail(user.name, user.email);\nauth.submitSignup();\nauth.fillAccountInformation(user);\nauth.submitCreateAccount();\nauth.getAccountCreatedTitle().should(\"be.visible\");\nauth.clickContinueAfterAccountAction();\naccount.getLoggedInAs(user.name).should(\"be.visible\");\n// Step 7: Logout\naccount.getLogoutButton().click();\nhome.getSignupLoginButton().should(\"be.visible\");\n// Step 8: Login with registered user\nhome.getSignupLoginButton().click();\nauth.fillLoginCredentials(user.email, user.password);\nauth.submitLogin();\naccount.getLoggedInAs(user.name).should(\"be.visible\");\n// Step 9–11: Add product & checkout\nhome.getProductsButton().click();\nproducts.verifyAllProductsPage();\ncart.addProductToCartByIndex(0); // ✅ handles modal → cart\ncart.verifyCartPageVisible();\ncart.clickProceedToCheckout();\n// Step 12: Verify checkout details\ncheckout.verifyAddressDetails(user);\ncheckout.verifyReviewOrder();\n// Step 13–15: Place order\ncheckout.fillOrderComment(\"Please process quickly\");\ncheckout.clickPlaceOrder();\npayment.fillPaymentDetails({\n  name: `${user.firstName} ${user.lastName}`,\n  cardNumber: \"4111111111111111\",\n  cvc: \"123\",\n  expiryMonth: \"11\",\n  expiryYear: \"2030\"\n});\npayment.submitPayment();\npayment.verifyPaymentSuccess();\n// Step 16–17: Delete account after test\naccount.getDeleteAccountButton().click();\naccount.getAccountDeletedTitle().should(\"be.visible\");\nauth.clickContinueAfterAccountAction();",
              "err": {},
              "uuid": "6217881e-567f-44dd-890b-879c158e42a1",
              "parentUUID": "d17c9fd3-6c58-458d-8dd4-e4ddf72c3222",
              "isHook": false,
              "skipped": false
            }
          ],
          "suites": [],
          "passes": [
            "6217881e-567f-44dd-890b-879c158e42a1"
          ],
          "failures": [],
          "pending": [],
          "skipped": [],
          "duration": 28532,
          "root": false,
          "rootEmpty": false,
          "_timeout": 2000
        }
      ],
      "passes": [],
      "failures": [],
      "pending": [],
      "skipped": [],
      "duration": 0,
      "root": true,
      "rootEmpty": true,
      "_timeout": 2000
    },
    {
      "uuid": "52758694-e28e-4e17-9b6c-fbc23ed50462",
      "title": "",
      "fullFile": "cypress\\e2e\\checkout\\TC23_verify_address_details.cy.js",
      "file": "cypress\\e2e\\checkout\\TC23_verify_address_details.cy.js",
      "beforeHooks": [],
      "afterHooks": [],
      "tests": [],
      "suites": [
        {
          "uuid": "75c3dd54-01be-4352-a750-db0a2b5a87db",
          "title": "TC23 - Verify Address Details in Checkout Page",
          "fullFile": "",
          "file": "",
          "beforeHooks": [],
          "afterHooks": [],
          "tests": [
            {
              "title": "Should verify delivery and billing address match registration details",
              "fullTitle": "TC23 - Verify Address Details in Checkout Page Should verify delivery and billing address match registration details",
              "timedOut": null,
              "duration": 20345,
              "state": "passed",
              "speed": "slow",
              "pass": true,
              "fail": false,
              "pending": false,
              "context": null,
              "code": "const home = new _HomePage.default();\nconst products = new _ProductsPage.default();\nconst cart = new _CartPage.default();\nconst auth = new _AuthPage.default();\nconst account = new _AccountPage.default();\nconst checkout = new _CheckoutPage.default();\nconst user = {\n  email: _faker.faker.internet.email(),\n  password: \"Test@1234\",\n  day: \"12\",\n  month: \"9\",\n  year: \"1995\",\n  firstName: _faker.faker.person.firstName(),\n  lastName: _faker.faker.person.lastName(),\n  company: \"AddrCo\",\n  address1: \"88 Test Lane\",\n  address2: \"Suite 88\",\n  country: \"Canada\",\n  state: \"Quebec\",\n  city: \"Montreal\",\n  zipcode: \"7000\",\n  mobileNumber: \"09172223333\"\n};\nuser.fullName = `${user.firstName} ${user.lastName}`;\n// Step 1: Visit home page\ncy.visit(\"/\");\nhome.getMainBanner().should(\"be.visible\");\n// Step 2–6: Register user\nhome.getSignupLoginButton().click();\nauth.fillSignupNameEmail(user.fullName, user.email);\nauth.submitSignup();\nauth.fillAccountInformation(user);\nauth.submitCreateAccount();\nauth.getAccountCreatedTitle().should(\"be.visible\");\nauth.clickContinueAfterAccountAction();\naccount.getLoggedInAs(user.fullName).should(\"be.visible\");\n// Step 7–10: Add product to cart\nhome.getProductsButton().click();\nproducts.verifyAllProductsPage();\nproducts.addProductToCartByIndex(0);\nproducts.clickViewCart();\ncart.verifyCartPageVisible();\n// Step 11–13: Checkout + verify addresses\ncart.clickProceedToCheckout();\ncheckout.verifyAddressDetails(user);\n// Step 14–15: Delete account\naccount.getDeleteAccountButton().click();\naccount.getAccountDeletedTitle().should(\"be.visible\");\nauth.clickContinueAfterAccountAction();",
              "err": {},
              "uuid": "2500ff49-5e9c-4ebc-869a-fc0de163ff86",
              "parentUUID": "75c3dd54-01be-4352-a750-db0a2b5a87db",
              "isHook": false,
              "skipped": false
            }
          ],
          "suites": [],
          "passes": [
            "2500ff49-5e9c-4ebc-869a-fc0de163ff86"
          ],
          "failures": [],
          "pending": [],
          "skipped": [],
          "duration": 20345,
          "root": false,
          "rootEmpty": false,
          "_timeout": 2000
        }
      ],
      "passes": [],
      "failures": [],
      "pending": [],
      "skipped": [],
      "duration": 0,
      "root": true,
      "rootEmpty": true,
      "_timeout": 2000
    },
    {
      "uuid": "61760f49-3c2f-42ea-a028-bf6742369261",
      "title": "",
      "fullFile": "cypress\\e2e\\checkout\\TC24_download_invoice.cy.js",
      "file": "cypress\\e2e\\checkout\\TC24_download_invoice.cy.js",
      "beforeHooks": [],
      "afterHooks": [],
      "tests": [],
      "suites": [
        {
          "uuid": "8952d566-9fa2-4da0-bf0a-219aaa1b9d19",
          "title": "TC24 - Download Invoice after purchase order",
          "fullFile": "",
          "file": "",
          "beforeHooks": [],
          "afterHooks": [],
          "tests": [
            {
              "title": "Should place order, download invoice, and delete account",
              "fullTitle": "TC24 - Download Invoice after purchase order Should place order, download invoice, and delete account",
              "timedOut": null,
              "duration": 28446,
              "state": "passed",
              "speed": "slow",
              "pass": true,
              "fail": false,
              "pending": false,
              "context": null,
              "code": "const home = new _HomePage.default();\nconst products = new _ProductsPage.default();\nconst cart = new _CartPage.default();\nconst auth = new _AuthPage.default();\nconst account = new _AccountPage.default();\nconst checkout = new _CheckoutPage.default();\nconst payment = new _PaymentPage.default();\nconst user = {\n  title: \"Mr\",\n  name: _faker.faker.person.firstName(),\n  email: _faker.faker.internet.email(),\n  password: \"Test@1234\",\n  day: \"15\",\n  month: \"8\",\n  year: \"1994\",\n  firstName: _faker.faker.person.firstName(),\n  lastName: _faker.faker.person.lastName(),\n  company: \"Invoice Co\",\n  address1: \"789 Invoice St\",\n  address2: \"Unit 24\",\n  country: \"Canada\",\n  state: \"Ontario\",\n  city: \"Toronto\",\n  zipcode: \"9000\",\n  mobileNumber: \"09173334444\"\n};\n// Step 1: Visit home page\ncy.visit(\"/\");\nhome.getMainBanner().should(\"be.visible\");\n// Step 2–4: Add product to cart\nhome.getProductsButton().click();\nproducts.verifyAllProductsPage();\ncart.addProductToCartByIndex(0);\ncart.verifyCartPageVisible();\n// Step 5–7: Checkout → register\ncart.clickProceedToCheckout();\ncheckout.clickRegisterLogin();\nauth.fillSignupNameEmail(user.name, user.email);\nauth.submitSignup();\nauth.fillAccountInformation(user);\nauth.submitCreateAccount();\nauth.getAccountCreatedTitle().should(\"be.visible\");\nauth.clickContinueAfterAccountAction();\n// Step 8: Confirm logged in\naccount.getLoggedInAs(user.name).should(\"be.visible\");\n// Step 9–10: Go to cart → checkout again\ncart.clickCartTopNav();\ncart.clickProceedToCheckout();\n// Step 11: Verify addresses + review order\ncheckout.verifyAddressDetails(user);\ncheckout.verifyReviewOrder();\n// Step 12–14: Place order\ncheckout.fillOrderComment(\"Please send invoice\");\ncheckout.clickPlaceOrder();\npayment.fillPaymentDetails({\n  name: `${user.firstName} ${user.lastName}`,\n  cardNumber: \"4111111111111111\",\n  cvc: \"123\",\n  expiryMonth: \"12\",\n  expiryYear: \"2030\"\n});\npayment.submitPayment();\npayment.verifyPaymentSuccess();\n// Step 15–16: Download invoice & verify file\ncheckout.downloadInvoice();\ncheckout.verifyInvoiceDownloaded(user, \"500\");\n// Step 17: Continue after invoice\npayment.clickContinueAfterOrder();\n// Step 18–19: Delete account\naccount.getDeleteAccountButton().click();\naccount.getAccountDeletedTitle().should(\"be.visible\");\nauth.clickContinueAfterAccountAction();",
              "err": {},
              "uuid": "d46d3354-c92d-42da-a0c6-5e4b0fc35b7e",
              "parentUUID": "8952d566-9fa2-4da0-bf0a-219aaa1b9d19",
              "isHook": false,
              "skipped": false
            }
          ],
          "suites": [],
          "passes": [
            "d46d3354-c92d-42da-a0c6-5e4b0fc35b7e"
          ],
          "failures": [],
          "pending": [],
          "skipped": [],
          "duration": 28446,
          "root": false,
          "rootEmpty": false,
          "_timeout": 2000
        }
      ],
      "passes": [],
      "failures": [],
      "pending": [],
      "skipped": [],
      "duration": 0,
      "root": true,
      "rootEmpty": true,
      "_timeout": 2000
    },
    {
      "uuid": "cbca759a-2f42-4723-b44e-78ad9b5d079e",
      "title": "",
      "fullFile": "cypress\\e2e\\products\\TC08_all_products.cy.js",
      "file": "cypress\\e2e\\products\\TC08_all_products.cy.js",
      "beforeHooks": [],
      "afterHooks": [],
      "tests": [],
      "suites": [
        {
          "uuid": "8027c342-2767-47b6-985f-e676647a3aef",
          "title": "TC08 - Verify All Products and Product Detail Page",
          "fullFile": "",
          "file": "",
          "beforeHooks": [],
          "afterHooks": [],
          "tests": [
            {
              "title": "Should display all products and product detail",
              "fullTitle": "TC08 - Verify All Products and Product Detail Page Should display all products and product detail",
              "timedOut": null,
              "duration": 5713,
              "state": "passed",
              "speed": "medium",
              "pass": true,
              "fail": false,
              "pending": false,
              "context": null,
              "code": "// Step 1-3: Visit and verify home\ncy.visit(\"/\");\nhome.getMainBanner().should(\"be.visible\");\n// Step 4-5: Navigate to products and verify\nhome.getProductsButton().click();\nproducts.verifyAllProductsPage();\n// Step 6: Product list is visible\ncy.get(products.productCards).should(\"be.visible\").and(\"have.length.greaterThan\", 0);\n// Step 7: Click first product \"View Product\"\ncy.get(products.productCards).first().contains(\"View Product\").click();\n// Step 8-9: Verify product detail is visible\nproducts.verifyProductDetailVisible();\ncy.contains(\"Category:\").should(\"be.visible\");\ncy.contains(\"Availability:\").should(\"be.visible\");\ncy.contains(\"Condition:\").should(\"be.visible\");\ncy.contains(\"Brand:\").should(\"be.visible\");",
              "err": {},
              "uuid": "9ee792c1-e9d8-492e-a0b4-7e4d79d74be5",
              "parentUUID": "8027c342-2767-47b6-985f-e676647a3aef",
              "isHook": false,
              "skipped": false
            }
          ],
          "suites": [],
          "passes": [
            "9ee792c1-e9d8-492e-a0b4-7e4d79d74be5"
          ],
          "failures": [],
          "pending": [],
          "skipped": [],
          "duration": 5713,
          "root": false,
          "rootEmpty": false,
          "_timeout": 2000
        }
      ],
      "passes": [],
      "failures": [],
      "pending": [],
      "skipped": [],
      "duration": 0,
      "root": true,
      "rootEmpty": true,
      "_timeout": 2000
    },
    {
      "uuid": "e8eb1570-3cbf-4f11-b8e8-5e5157073f53",
      "title": "",
      "fullFile": "cypress\\e2e\\products\\TC09_search_product.cy.js",
      "file": "cypress\\e2e\\products\\TC09_search_product.cy.js",
      "beforeHooks": [],
      "afterHooks": [],
      "tests": [],
      "suites": [
        {
          "uuid": "925b9915-d576-4b5d-8c22-348409636e0c",
          "title": "TC09 - Search Product",
          "fullFile": "",
          "file": "",
          "beforeHooks": [],
          "afterHooks": [],
          "tests": [
            {
              "title": "Should search and display related products",
              "fullTitle": "TC09 - Search Product Should search and display related products",
              "timedOut": null,
              "duration": 6497,
              "state": "passed",
              "speed": "medium",
              "pass": true,
              "fail": false,
              "pending": false,
              "context": null,
              "code": "cy.visit(\"/\");\nhome.getMainBanner().should(\"be.visible\");\nhome.getProductsButton().click();\nproducts.verifyAllProductsPage();\nconst keyword = \"dress\";\nproducts.searchProduct(keyword);\n// Step 7: Verify searched products section\nproducts.verifySearchedProductsVisible();\n// Step 8: Verify products match keyword\nproducts.verifySearchResultsContain(keyword);",
              "err": {},
              "uuid": "e27afc87-7bcd-4413-9ff7-cb6ef4d633da",
              "parentUUID": "925b9915-d576-4b5d-8c22-348409636e0c",
              "isHook": false,
              "skipped": false
            }
          ],
          "suites": [],
          "passes": [
            "e27afc87-7bcd-4413-9ff7-cb6ef4d633da"
          ],
          "failures": [],
          "pending": [],
          "skipped": [],
          "duration": 6497,
          "root": false,
          "rootEmpty": false,
          "_timeout": 2000
        }
      ],
      "passes": [],
      "failures": [],
      "pending": [],
      "skipped": [],
      "duration": 0,
      "root": true,
      "rootEmpty": true,
      "_timeout": 2000
    },
    {
      "uuid": "9d647138-2bf9-41ce-a538-d460d89dd67b",
      "title": "",
      "fullFile": "cypress\\e2e\\products\\TC13_product_quantity.cy.js",
      "file": "cypress\\e2e\\products\\TC13_product_quantity.cy.js",
      "beforeHooks": [],
      "afterHooks": [],
      "tests": [],
      "suites": [
        {
          "uuid": "23b77660-b701-4cd9-a070-8fcf69571f77",
          "title": "TC13 - Verify Product Quantity in Cart",
          "fullFile": "",
          "file": "",
          "beforeHooks": [],
          "afterHooks": [],
          "tests": [
            {
              "title": "Should add product with quantity 4 to cart",
              "fullTitle": "TC13 - Verify Product Quantity in Cart Should add product with quantity 4 to cart",
              "timedOut": null,
              "duration": 7968,
              "state": "passed",
              "speed": "medium",
              "pass": true,
              "fail": false,
              "pending": false,
              "context": null,
              "code": "cy.visit(\"/\");\nhome.getMainBanner().should(\"be.visible\");\nhome.getProductsButton().click();\nproducts.verifyAllProductsPage();\ncy.get(products.productCards).first().contains(\"View Product\").click();\nproducts.verifyProductDetailVisible();\nproducts.setProductQuantity(4);\nproducts.addToCartFromDetail();\nproducts.clickViewCart();\ncart.verifyCartPageVisible();\ncart.verifyProductQuantity(4);",
              "err": {},
              "uuid": "23da5470-5e5f-475d-bbdc-45e7f43d72aa",
              "parentUUID": "23b77660-b701-4cd9-a070-8fcf69571f77",
              "isHook": false,
              "skipped": false
            }
          ],
          "suites": [],
          "passes": [
            "23da5470-5e5f-475d-bbdc-45e7f43d72aa"
          ],
          "failures": [],
          "pending": [],
          "skipped": [],
          "duration": 7968,
          "root": false,
          "rootEmpty": false,
          "_timeout": 2000
        }
      ],
      "passes": [],
      "failures": [],
      "pending": [],
      "skipped": [],
      "duration": 0,
      "root": true,
      "rootEmpty": true,
      "_timeout": 2000
    },
    {
      "uuid": "d911a19a-44da-45f7-8416-c74e1d23e934",
      "title": "",
      "fullFile": "cypress\\e2e\\products\\TC18_category_products.cy.js",
      "file": "cypress\\e2e\\products\\TC18_category_products.cy.js",
      "beforeHooks": [],
      "afterHooks": [],
      "tests": [],
      "suites": [
        {
          "uuid": "c7033bb7-5673-43f4-baa0-dace43b87715",
          "title": "TC18 - View Category Products",
          "fullFile": "",
          "file": "",
          "beforeHooks": [],
          "afterHooks": [],
          "tests": [
            {
              "title": "Should navigate and verify category products",
              "fullTitle": "TC18 - View Category Products Should navigate and verify category products",
              "timedOut": null,
              "duration": 5161,
              "state": "passed",
              "speed": "medium",
              "pass": true,
              "fail": false,
              "pending": false,
              "context": null,
              "code": "cy.visit(\"/\");\nhome.getMainBanner().should(\"be.visible\");\n// Step 3: Verify categories\nproducts.verifyCategoriesVisible();\n// Step 4-6: Click Women > Dress\nproducts.selectCategory(\"Women\", \"Dress\");\ncy.contains(/WOMEN - DRESS/i).should(\"be.visible\");\n// Step 7-8: Click Men > Tshirts\nproducts.selectCategory(\"Men\", \"Tshirts\");\ncy.contains(/MEN - TSHIRTS/i).should(\"be.visible\");",
              "err": {},
              "uuid": "30c2ae20-8633-4d0d-84e7-d4d699d9d3e3",
              "parentUUID": "c7033bb7-5673-43f4-baa0-dace43b87715",
              "isHook": false,
              "skipped": false
            }
          ],
          "suites": [],
          "passes": [
            "30c2ae20-8633-4d0d-84e7-d4d699d9d3e3"
          ],
          "failures": [],
          "pending": [],
          "skipped": [],
          "duration": 5161,
          "root": false,
          "rootEmpty": false,
          "_timeout": 2000
        }
      ],
      "passes": [],
      "failures": [],
      "pending": [],
      "skipped": [],
      "duration": 0,
      "root": true,
      "rootEmpty": true,
      "_timeout": 2000
    },
    {
      "uuid": "da4bc27f-b453-4422-8248-470aa23c20d1",
      "title": "",
      "fullFile": "cypress\\e2e\\products\\TC19_brand_products.cy.js",
      "file": "cypress\\e2e\\products\\TC19_brand_products.cy.js",
      "beforeHooks": [],
      "afterHooks": [],
      "tests": [],
      "suites": [
        {
          "uuid": "350d3023-8b4c-433d-b591-d4d0121dcb94",
          "title": "TC19 - View & Cart Brand Products",
          "fullFile": "",
          "file": "",
          "beforeHooks": [],
          "afterHooks": [],
          "tests": [
            {
              "title": "Should display products by brand",
              "fullTitle": "TC19 - View & Cart Brand Products Should display products by brand",
              "timedOut": null,
              "duration": 6200,
              "state": "passed",
              "speed": "medium",
              "pass": true,
              "fail": false,
              "pending": false,
              "context": null,
              "code": "cy.visit(\"/\");\nhome.getProductsButton().click();\nproducts.verifyAllProductsPage();\n// Step 4: Verify brands visible\nproducts.verifyBrandsVisible();\n// Step 5-6: Click first brand\nproducts.selectBrandByIndex(0);\ncy.contains(/BRAND -/i).should(\"be.visible\");\nproducts.verifyBrandProductsVisible();\n// Step 7-8: Click another brand\nproducts.selectBrandByIndex(1);\ncy.contains(/BRAND -/i).should(\"be.visible\");\nproducts.verifyBrandProductsVisible();",
              "err": {},
              "uuid": "fb96f91b-248e-4c2a-b035-64fdc458efd5",
              "parentUUID": "350d3023-8b4c-433d-b591-d4d0121dcb94",
              "isHook": false,
              "skipped": false
            }
          ],
          "suites": [],
          "passes": [
            "fb96f91b-248e-4c2a-b035-64fdc458efd5"
          ],
          "failures": [],
          "pending": [],
          "skipped": [],
          "duration": 6200,
          "root": false,
          "rootEmpty": false,
          "_timeout": 2000
        }
      ],
      "passes": [],
      "failures": [],
      "pending": [],
      "skipped": [],
      "duration": 0,
      "root": true,
      "rootEmpty": true,
      "_timeout": 2000
    },
    {
      "uuid": "2a57156b-fdbd-4f94-b37d-3d031eff2271",
      "title": "",
      "fullFile": "cypress\\e2e\\products\\TC21_product_review.cy.js",
      "file": "cypress\\e2e\\products\\TC21_product_review.cy.js",
      "beforeHooks": [],
      "afterHooks": [],
      "tests": [],
      "suites": [
        {
          "uuid": "aa42e124-70ac-4454-9c9d-f86672fdfd1f",
          "title": "TC21 - Add Review on Product",
          "fullFile": "",
          "file": "",
          "beforeHooks": [],
          "afterHooks": [],
          "tests": [
            {
              "title": "Should submit a product review",
              "fullTitle": "TC21 - Add Review on Product Should submit a product review",
              "timedOut": null,
              "duration": 7388,
              "state": "passed",
              "speed": "medium",
              "pass": true,
              "fail": false,
              "pending": false,
              "context": null,
              "code": "cy.visit(\"/\");\nhome.getProductsButton().click();\nproducts.verifyAllProductsPage();\n// Step 5: View first product\ncy.get(products.productCards).first().contains(\"View Product\").click();\nproducts.verifyProductDetailVisible();\n// Step 6: Verify review form\ncy.contains(\"Write Your Review\").should(\"be.visible\");\n// Step 7: Enter details\nproducts.fillReviewForm({\n  name: \"Tester\",\n  email: \"tester@example.com\",\n  review: \"Great product, good quality!\"\n});\n// Step 8: Submit\nproducts.submitReview();\n// Step 9: Verify success\ncy.contains(\"Thank you for your review.\").should(\"be.visible\");",
              "err": {},
              "uuid": "d7784b4b-5daa-48bd-9588-7069f99e7c77",
              "parentUUID": "aa42e124-70ac-4454-9c9d-f86672fdfd1f",
              "isHook": false,
              "skipped": false
            }
          ],
          "suites": [],
          "passes": [
            "d7784b4b-5daa-48bd-9588-7069f99e7c77"
          ],
          "failures": [],
          "pending": [],
          "skipped": [],
          "duration": 7388,
          "root": false,
          "rootEmpty": false,
          "_timeout": 2000
        }
      ],
      "passes": [],
      "failures": [],
      "pending": [],
      "skipped": [],
      "duration": 0,
      "root": true,
      "rootEmpty": true,
      "_timeout": 2000
    },
    {
      "uuid": "5b0109e4-c16d-4180-90e7-0d1aba35fa84",
      "title": "",
      "fullFile": "cypress\\e2e\\products\\TC22_recommended_items.cy.js",
      "file": "cypress\\e2e\\products\\TC22_recommended_items.cy.js",
      "beforeHooks": [],
      "afterHooks": [],
      "tests": [],
      "suites": [
        {
          "uuid": "022faad3-2e65-489d-947d-ca6432a88fb9",
          "title": "TC22 - Add to Cart from Recommended Items",
          "fullFile": "",
          "file": "",
          "beforeHooks": [],
          "afterHooks": [],
          "tests": [
            {
              "title": "Should add recommended item to cart",
              "fullTitle": "TC22 - Add to Cart from Recommended Items Should add recommended item to cart",
              "timedOut": null,
              "duration": 9811,
              "state": "passed",
              "speed": "medium",
              "pass": true,
              "fail": false,
              "pending": false,
              "context": null,
              "code": "cy.visit(\"/\");\nhome.getMainBanner().should(\"be.visible\");\n// Step 3-4: Scroll to bottom and verify recommended\ncy.scrollTo(\"bottom\");\nproducts.verifyRecommendedItemsVisible();\n// Step 5: Add first recommended product\nproducts.addRecommendedItemToCart(0);\n// Step 6: Click View Cart\nproducts.clickViewCart();\n// Step 7: Verify product in cart\ncart.verifyCartPageVisible();\ncart.verifyProductsInCart([0]);",
              "err": {},
              "uuid": "f9670b83-48bf-4c1b-b4b6-f5ed2f2f3a47",
              "parentUUID": "022faad3-2e65-489d-947d-ca6432a88fb9",
              "isHook": false,
              "skipped": false
            }
          ],
          "suites": [],
          "passes": [
            "f9670b83-48bf-4c1b-b4b6-f5ed2f2f3a47"
          ],
          "failures": [],
          "pending": [],
          "skipped": [],
          "duration": 9811,
          "root": false,
          "rootEmpty": false,
          "_timeout": 2000
        }
      ],
      "passes": [],
      "failures": [],
      "pending": [],
      "skipped": [],
      "duration": 0,
      "root": true,
      "rootEmpty": true,
      "_timeout": 2000
    },
    {
      "uuid": "ea16884b-c97b-4aa1-a097-feb8219f7c0c",
      "title": "",
      "fullFile": "cypress\\e2e\\cart\\TC12_add_products_in_cart.cy.js",
      "file": "cypress\\e2e\\cart\\TC12_add_products_in_cart.cy.js",
      "beforeHooks": [],
      "afterHooks": [],
      "tests": [],
      "suites": [
        {
          "uuid": "a3735941-0aef-4070-8e85-3abb58d01ad0",
          "title": "TC12 - Add Products in Cart",
          "fullFile": "",
          "file": "",
          "beforeHooks": [],
          "afterHooks": [],
          "tests": [
            {
              "title": "Add two products and verify details in cart",
              "fullTitle": "TC12 - Add Products in Cart Add two products and verify details in cart",
              "timedOut": null,
              "duration": 45089,
              "state": "passed",
              "speed": "slow",
              "pass": true,
              "fail": false,
              "pending": false,
              "context": null,
              "code": "// Step 1-3: Visit home page and verify\ncy.visit(\"/\");\nhome.getMainBanner().should(\"be.visible\");\n// Step 4: Navigate to Products\nhome.getProductsButton().click();\nproducts.verifyAllProductsPage();\n// Step 5-7: Add first and second product to cart\nproducts.addProductToCartByIndex(0);\nproducts.clickContinueShopping();\nproducts.addProductToCartByIndex(1);\n// Step 8: View Cart\nproducts.clickViewCart();\n// Step 9: Verify both products are added\ncart.verifyCartPageVisible();\ncart.verifyProductsInCart([0, 1]);\n// Step 10: Verify prices, quantity, and totals\ncart.verifyCartDetails();",
              "err": {},
              "uuid": "d1e8a341-9064-442a-907e-45bfbc5018d5",
              "parentUUID": "a3735941-0aef-4070-8e85-3abb58d01ad0",
              "isHook": false,
              "skipped": false
            }
          ],
          "suites": [],
          "passes": [
            "d1e8a341-9064-442a-907e-45bfbc5018d5"
          ],
          "failures": [],
          "pending": [],
          "skipped": [],
          "duration": 45089,
          "root": false,
          "rootEmpty": false,
          "_timeout": 2000
        }
      ],
      "passes": [],
      "failures": [],
      "pending": [],
      "skipped": [],
      "duration": 0,
      "root": true,
      "rootEmpty": true,
      "_timeout": 2000
    },
    {
      "uuid": "1c1975ee-4c1f-4a2b-b867-9de6d95a326b",
      "title": "",
      "fullFile": "cypress\\e2e\\cart\\TC13_verify_product_quantity_in_cart.cy.js",
      "file": "cypress\\e2e\\cart\\TC13_verify_product_quantity_in_cart.cy.js",
      "beforeHooks": [],
      "afterHooks": [],
      "tests": [],
      "suites": [
        {
          "uuid": "dbefb619-6ae3-4cef-976b-3f2d4eb87e92",
          "title": "TC13 - Verify Product Quantity in Cart",
          "fullFile": "",
          "file": "",
          "beforeHooks": [],
          "afterHooks": [],
          "tests": [
            {
              "title": "Add product with quantity and verify in cart",
              "fullTitle": "TC13 - Verify Product Quantity in Cart Add product with quantity and verify in cart",
              "timedOut": null,
              "duration": 26931,
              "state": "passed",
              "speed": "slow",
              "pass": true,
              "fail": false,
              "pending": false,
              "context": null,
              "code": "// Step 1: Visit home\ncy.visit(\"/\");\nhome.getMainBanner().should(\"be.visible\");\n// Step 2: Go to Products\nhome.getProductsButton().click();\nproducts.verifyAllProductsPage();\n// Step 3: Click on product detail\ncy.get(products.productCards).first().find(\"a\").contains(\"View Product\").click();\nproducts.verifyProductDetailVisible();\n// Step 4: Set quantity to 4\nproducts.setProductQuantity(4);\n// Step 5: Add to Cart\nproducts.addToCartFromDetail();\nproducts.clickViewCart();\n// Step 6: Verify quantity in cart\ncart.verifyCartPageVisible();\ncart.verifyProductQuantity(4);",
              "err": {},
              "uuid": "51a281dd-9fc1-448c-98d5-4c2f7537b02b",
              "parentUUID": "dbefb619-6ae3-4cef-976b-3f2d4eb87e92",
              "isHook": false,
              "skipped": false
            }
          ],
          "suites": [],
          "passes": [
            "51a281dd-9fc1-448c-98d5-4c2f7537b02b"
          ],
          "failures": [],
          "pending": [],
          "skipped": [],
          "duration": 26931,
          "root": false,
          "rootEmpty": false,
          "_timeout": 2000
        }
      ],
      "passes": [],
      "failures": [],
      "pending": [],
      "skipped": [],
      "duration": 0,
      "root": true,
      "rootEmpty": true,
      "_timeout": 2000
    },
    {
      "uuid": "e2cc328b-a518-4623-b94e-f5ee3afe599f",
      "title": "",
      "fullFile": "cypress\\e2e\\cart\\TC17_remove_products_from_cart.cy.js",
      "file": "cypress\\e2e\\cart\\TC17_remove_products_from_cart.cy.js",
      "beforeHooks": [],
      "afterHooks": [],
      "tests": [],
      "suites": [
        {
          "uuid": "966c6d97-dac8-4e08-b317-ab4751f3c59d",
          "title": "TC17 - Remove Products from Cart",
          "fullFile": "",
          "file": "",
          "beforeHooks": [],
          "afterHooks": [],
          "tests": [
            {
              "title": "Add products and remove them from cart",
              "fullTitle": "TC17 - Remove Products from Cart Add products and remove them from cart",
              "timedOut": null,
              "duration": 6652,
              "state": "passed",
              "speed": "medium",
              "pass": true,
              "fail": false,
              "pending": false,
              "context": null,
              "code": "// Step 1: Visit home\ncy.visit(\"/\");\nhome.getMainBanner().should(\"be.visible\");\n// Step 2: Go to Products\nhome.getProductsButton().click();\nproducts.verifyAllProductsPage();\n// Step 3: Add two products\nproducts.addProductToCartByIndex(0);\nproducts.clickContinueShopping();\nproducts.addProductToCartByIndex(1);\nproducts.clickViewCart();\n// Step 4: Verify both products present\ncart.verifyCartPageVisible();\ncart.verifyProductsInCart([0, 1]);\n// Step 5: Remove first product\ncart.removeProductByIndex(0);\n// Step 6: Verify cart is updated (1 product left)\ncy.get(cart.cartRows).should(\"have.length\", 1);\n// Step 7: Remove second product\ncart.removeProductByIndex(0);\n// Step 8: Verify cart is empty\ncart.verifyProductRemoved();",
              "err": {},
              "uuid": "8536a370-e852-4cfd-81b2-6f2c321f607f",
              "parentUUID": "966c6d97-dac8-4e08-b317-ab4751f3c59d",
              "isHook": false,
              "skipped": false
            }
          ],
          "suites": [],
          "passes": [
            "8536a370-e852-4cfd-81b2-6f2c321f607f"
          ],
          "failures": [],
          "pending": [],
          "skipped": [],
          "duration": 6652,
          "root": false,
          "rootEmpty": false,
          "_timeout": 2000
        }
      ],
      "passes": [],
      "failures": [],
      "pending": [],
      "skipped": [],
      "duration": 0,
      "root": true,
      "rootEmpty": true,
      "_timeout": 2000
    },
    {
      "uuid": "a2ba7aa5-9623-42b0-8e10-cc8164fc1da4",
      "title": "",
      "fullFile": "cypress\\e2e\\cart\\TC20_search_products_and_verify_cart_after_login.cy.js",
      "file": "cypress\\e2e\\cart\\TC20_search_products_and_verify_cart_after_login.cy.js",
      "beforeHooks": [],
      "afterHooks": [],
      "tests": [],
      "suites": [
        {
          "uuid": "9df1dd92-3a35-429e-8078-d2c04206bd02",
          "title": "TC20 - Search Products and Verify Cart After Login",
          "fullFile": "",
          "file": "",
          "beforeHooks": [],
          "afterHooks": [],
          "tests": [
            {
              "title": "Search, add to cart, and verify persistence after login",
              "fullTitle": "TC20 - Search Products and Verify Cart After Login Search, add to cart, and verify persistence after login",
              "timedOut": null,
              "duration": 15050,
              "state": "passed",
              "speed": "slow",
              "pass": true,
              "fail": false,
              "pending": false,
              "context": null,
              "code": "// Step 1: Visit site\ncy.visit(\"/\");\n// Step 2: Go to Products\nhome.getProductsButton().click();\n// Step 3: Verify ALL PRODUCTS page\nproducts.verifyAllProductsPage();\n// Step 4: Search for product(s)\nconst searchKeyword = \"dress\"; // 🔧 guaranteed match\nproducts.searchProduct(searchKeyword);\n// Step 5: Verify search results\nproducts.verifySearchedProductsVisible();\n// Step 6: Add all search results to cart\nproducts.addAllSearchResultsToCart();\n// Step 7: Verify products visible in Cart\ncart.verifyCartPageVisible();\ncart.verifySearchedProductsInCart();\n// Step 8: Login\nhome.getSignupLoginButton().click();\nauth.fillLogin(user.email, user.password);\nauth.submitLogin();\n// Step 9: Go to Cart again\nhome.getCartButton().click();\n// Step 10: Verify products still in cart\ncart.verifyCartPageVisible();\ncart.verifySearchedProductsInCart();",
              "err": {},
              "uuid": "459ed507-2a4f-46c6-85b9-982d6170e600",
              "parentUUID": "9df1dd92-3a35-429e-8078-d2c04206bd02",
              "isHook": false,
              "skipped": false
            }
          ],
          "suites": [],
          "passes": [
            "459ed507-2a4f-46c6-85b9-982d6170e600"
          ],
          "failures": [],
          "pending": [],
          "skipped": [],
          "duration": 15050,
          "root": false,
          "rootEmpty": false,
          "_timeout": 2000
        }
      ],
      "passes": [],
      "failures": [],
      "pending": [],
      "skipped": [],
      "duration": 0,
      "root": true,
      "rootEmpty": true,
      "_timeout": 2000
    },
    {
      "uuid": "72ec1fc7-f931-440d-b005-9eaa2f7d5046",
      "title": "",
      "fullFile": "cypress\\e2e\\auth\\TC01_register_user.cy.js",
      "file": "cypress\\e2e\\auth\\TC01_register_user.cy.js",
      "beforeHooks": [],
      "afterHooks": [],
      "tests": [],
      "suites": [
        {
          "uuid": "d156d5d8-77f9-45d5-ab81-2719795dcfc3",
          "title": "TC01 - Register User",
          "fullFile": "",
          "file": "",
          "beforeHooks": [],
          "afterHooks": [],
          "tests": [
            {
              "title": "Register, verify and delete account",
              "fullTitle": "TC01 - Register User Register, verify and delete account",
              "timedOut": null,
              "duration": 14703,
              "state": "passed",
              "speed": "slow",
              "pass": true,
              "fail": false,
              "pending": false,
              "context": null,
              "code": "const home = new _HomePage.default();\nconst auth = new _AuthPage.default();\nconst account = new _AccountPage.default();\n// generate user\nconst user = {\n  name: _faker.faker.person.firstName(),\n  // signup name\n  email: _faker.faker.internet.email(),\n  password: 'Test@1234',\n  title: 'Mr',\n  day: 1,\n  month: 'January',\n  year: '1990',\n  newsletter: true,\n  offers: true,\n  firstName: _faker.faker.person.firstName(),\n  lastName: _faker.faker.person.lastName(),\n  company: 'ACME Inc.',\n  address1: '123 Test St',\n  address2: 'Apt 2',\n  country: 'Canada',\n  state: 'TestState',\n  city: 'TestCity',\n  zipcode: '1000',\n  mobileNumber: '09171234567'\n};\n// Step 2 & 3: Visit and verify home\ncy.visit('/');\nhome.getMainBanner().should('be.visible');\n// Step 4: Click signup/login\nhome.getSignupLoginButton().click();\n// Step 5: Verify \"New User Signup!\" visible\nauth.getNewUserSignupTitle().should('be.visible');\n// Step 6-7: Enter name & email and submit\nauth.fillSignupNameEmail(user.name, user.email);\nauth.submitSignup();\n// Step 8: Verify \"Enter Account Information\"\nauth.getAccountInfoTitle().should('be.visible');\n// Step 9-12: Fill account information\nauth.fillAccountInformation(user);\n// Step 13: Create account\nauth.submitCreateAccount();\n// Step 14: Verify \"Account Created!\"\nauth.getAccountCreatedTitle().should('be.visible');\n// Step 15: Click continue\nauth.getContinueButton().click();\n// Step 16: Verify logged in\ncy.contains(`Logged in as ${user.name}`).should('be.visible');\n// Step 17: Delete account\naccount.getDeleteAccountButton().click();\n// Step 18: Verify \"Account Deleted!\"\naccount.getAccountDeletedTitle().should('be.visible');\nauth.getContinueButton().click();",
              "err": {},
              "uuid": "3c57d0ce-3d1c-418a-a5c3-ff98e44d193e",
              "parentUUID": "d156d5d8-77f9-45d5-ab81-2719795dcfc3",
              "isHook": false,
              "skipped": false
            }
          ],
          "suites": [],
          "passes": [
            "3c57d0ce-3d1c-418a-a5c3-ff98e44d193e"
          ],
          "failures": [],
          "pending": [],
          "skipped": [],
          "duration": 14703,
          "root": false,
          "rootEmpty": false,
          "_timeout": 2000
        }
      ],
      "passes": [],
      "failures": [],
      "pending": [],
      "skipped": [],
      "duration": 0,
      "root": true,
      "rootEmpty": true,
      "_timeout": 2000
    }
  ],
  "meta": {
    "mocha": {
      "version": "7.2.0"
    },
    "mochawesome": {
      "options": {
        "quiet": false,
        "reportFilename": "mochawesome",
        "saveHtml": false,
        "saveJson": true,
        "consoleReporter": "spec",
        "useInlineDiffs": false,
        "code": true
      },
      "version": "7.1.4"
    },
    "marge": {
      "options": {
        "reportDir": "results/mochawesome",
        "overwrite": false,
        "html": false,
        "json": true
      },
      "version": "6.3.0"
    }
  }
}