{
  "stats": {
    "suites": 1,
    "tests": 1,
    "passes": 1,
    "pending": 0,
    "failures": 0,
    "start": "2025-09-21T21:35:45.485Z",
    "end": "2025-09-21T21:35:51.740Z",
    "duration": 6255,
    "testsRegistered": 1,
    "passPercent": 100,
    "pendingPercent": 0,
    "other": 0,
    "hasOther": false,
    "skipped": 0,
    "hasSkipped": false
  },
  "results": [
    {
      "uuid": "da4bc27f-b453-4422-8248-470aa23c20d1",
      "title": "",
      "fullFile": "cypress\\e2e\\products\\TC19_brand_products.cy.js",
      "file": "cypress\\e2e\\products\\TC19_brand_products.cy.js",
      "beforeHooks": [],
      "afterHooks": [],
      "tests": [],
      "suites": [
        {
          "uuid": "350d3023-8b4c-433d-b591-d4d0121dcb94",
          "title": "TC19 - View & Cart Brand Products",
          "fullFile": "",
          "file": "",
          "beforeHooks": [],
          "afterHooks": [],
          "tests": [
            {
              "title": "Should display products by brand",
              "fullTitle": "TC19 - View & Cart Brand Products Should display products by brand",
              "timedOut": null,
              "duration": 6200,
              "state": "passed",
              "speed": "medium",
              "pass": true,
              "fail": false,
              "pending": false,
              "context": null,
              "code": "cy.visit(\"/\");\nhome.getProductsButton().click();\nproducts.verifyAllProductsPage();\n// Step 4: Verify brands visible\nproducts.verifyBrandsVisible();\n// Step 5-6: Click first brand\nproducts.selectBrandByIndex(0);\ncy.contains(/BRAND -/i).should(\"be.visible\");\nproducts.verifyBrandProductsVisible();\n// Step 7-8: Click another brand\nproducts.selectBrandByIndex(1);\ncy.contains(/BRAND -/i).should(\"be.visible\");\nproducts.verifyBrandProductsVisible();",
              "err": {},
              "uuid": "fb96f91b-248e-4c2a-b035-64fdc458efd5",
              "parentUUID": "350d3023-8b4c-433d-b591-d4d0121dcb94",
              "isHook": false,
              "skipped": false
            }
          ],
          "suites": [],
          "passes": [
            "fb96f91b-248e-4c2a-b035-64fdc458efd5"
          ],
          "failures": [],
          "pending": [],
          "skipped": [],
          "duration": 6200,
          "root": false,
          "rootEmpty": false,
          "_timeout": 2000
        }
      ],
      "passes": [],
      "failures": [],
      "pending": [],
      "skipped": [],
      "duration": 0,
      "root": true,
      "rootEmpty": true,
      "_timeout": 2000
    }
  ],
  "meta": {
    "mocha": {
      "version": "7.2.0"
    },
    "mochawesome": {
      "options": {
        "quiet": false,
        "reportFilename": "mochawesome",
        "saveHtml": false,
        "saveJson": true,
        "consoleReporter": "spec",
        "useInlineDiffs": false,
        "code": true
      },
      "version": "7.1.4"
    },
    "marge": {
      "options": {
        "reportDir": "results/mochawesome",
        "overwrite": false,
        "html": false,
        "json": true
      },
      "version": "6.3.0"
    }
  }
}