{
  "stats": {
    "suites": 1,
    "tests": 1,
    "passes": 1,
    "pending": 0,
    "failures": 0,
    "start": "2025-09-21T21:31:50.588Z",
    "end": "2025-09-21T21:32:04.376Z",
    "duration": 13788,
    "testsRegistered": 1,
    "passPercent": 100,
    "pendingPercent": 0,
    "other": 0,
    "hasOther": false,
    "skipped": 0,
    "hasSkipped": false
  },
  "results": [
    {
      "uuid": "9fd5864e-1eba-4f05-918c-6b7c12d40de9",
      "title": "",
      "fullFile": "cypress\\e2e\\auth\\TC04_logout.cy.js",
      "file": "cypress\\e2e\\auth\\TC04_logout.cy.js",
      "beforeHooks": [],
      "afterHooks": [],
      "tests": [],
      "suites": [
        {
          "uuid": "7b89c9df-fe9c-4443-a924-94118d78ae4e",
          "title": "TC04 - Logout User After Login",
          "fullFile": "",
          "file": "",
          "beforeHooks": [],
          "afterHooks": [],
          "tests": [
            {
              "title": "Register, login, logout, and verify login page",
              "fullTitle": "TC04 - Logout User After Login Register, login, logout, and verify login page",
              "timedOut": null,
              "duration": 13743,
              "state": "passed",
              "speed": "slow",
              "pass": true,
              "fail": false,
              "pending": false,
              "context": null,
              "code": "const home = new _HomePage.default();\nconst auth = new _AuthPage.default();\nconst account = new _AccountPage.default();\n// --- Generate random user ---\nconst user = {\n  name: _faker.faker.person.firstName() + ' ' + _faker.faker.person.lastName(),\n  email: _faker.faker.internet.email(),\n  password: _faker.faker.internet.password(),\n  day: '10',\n  month: '5',\n  year: '1990',\n  firstName: _faker.faker.person.firstName(),\n  lastName: _faker.faker.person.lastName(),\n  company: _faker.faker.company.name(),\n  address1: _faker.faker.location.streetAddress(),\n  address2: _faker.faker.location.secondaryAddress(),\n  country: 'Canada',\n  state: _faker.faker.location.state(),\n  city: _faker.faker.location.city(),\n  zipcode: _faker.faker.location.zipCode(),\n  mobileNumber: _faker.faker.phone.number()\n};\n// --- Step 1: Register user ---\ncy.visit('/');\nhome.getMainBanner().should('be.visible');\nhome.getSignupLoginButton().click();\nauth.getNewUserSignupTitle().should('be.visible');\nauth.fillSignupNameEmail(user.name, user.email);\nauth.submitSignup();\nauth.fillAccountInformation(user);\nauth.submitCreateAccount();\nauth.getAccountCreatedTitle().should('be.visible');\nauth.getContinueButton().click();\n// --- Step 2: Verify user is logged in ---\ncy.contains(`Logged in as ${user.name}`, {\n  timeout: 15000\n}).should('be.visible');\n// --- Step 3: Logout ---\naccount.getLogoutButton().click();\n// --- Step 4: Verify back on login page ---\nauth.getLoginTitle().should('be.visible');",
              "err": {},
              "uuid": "eb030297-b110-421d-b74b-a787300caac9",
              "parentUUID": "7b89c9df-fe9c-4443-a924-94118d78ae4e",
              "isHook": false,
              "skipped": false
            }
          ],
          "suites": [],
          "passes": [
            "eb030297-b110-421d-b74b-a787300caac9"
          ],
          "failures": [],
          "pending": [],
          "skipped": [],
          "duration": 13743,
          "root": false,
          "rootEmpty": false,
          "_timeout": 2000
        }
      ],
      "passes": [],
      "failures": [],
      "pending": [],
      "skipped": [],
      "duration": 0,
      "root": true,
      "rootEmpty": true,
      "_timeout": 2000
    }
  ],
  "meta": {
    "mocha": {
      "version": "7.2.0"
    },
    "mochawesome": {
      "options": {
        "quiet": false,
        "reportFilename": "mochawesome",
        "saveHtml": false,
        "saveJson": true,
        "consoleReporter": "spec",
        "useInlineDiffs": false,
        "code": true
      },
      "version": "7.1.4"
    },
    "marge": {
      "options": {
        "reportDir": "results/mochawesome",
        "overwrite": false,
        "html": false,
        "json": true
      },
      "version": "6.3.0"
    }
  }
}