{
  "stats": {
    "suites": 1,
    "tests": 1,
    "passes": 1,
    "pending": 0,
    "failures": 0,
    "start": "2025-09-21T21:37:05.306Z",
    "end": "2025-09-21T21:37:32.278Z",
    "duration": 26972,
    "testsRegistered": 1,
    "passPercent": 100,
    "pendingPercent": 0,
    "other": 0,
    "hasOther": false,
    "skipped": 0,
    "hasSkipped": false
  },
  "results": [
    {
      "uuid": "1c1975ee-4c1f-4a2b-b867-9de6d95a326b",
      "title": "",
      "fullFile": "cypress\\e2e\\cart\\TC13_verify_product_quantity_in_cart.cy.js",
      "file": "cypress\\e2e\\cart\\TC13_verify_product_quantity_in_cart.cy.js",
      "beforeHooks": [],
      "afterHooks": [],
      "tests": [],
      "suites": [
        {
          "uuid": "dbefb619-6ae3-4cef-976b-3f2d4eb87e92",
          "title": "TC13 - Verify Product Quantity in Cart",
          "fullFile": "",
          "file": "",
          "beforeHooks": [],
          "afterHooks": [],
          "tests": [
            {
              "title": "Add product with quantity and verify in cart",
              "fullTitle": "TC13 - Verify Product Quantity in Cart Add product with quantity and verify in cart",
              "timedOut": null,
              "duration": 26931,
              "state": "passed",
              "speed": "slow",
              "pass": true,
              "fail": false,
              "pending": false,
              "context": null,
              "code": "// Step 1: Visit home\ncy.visit(\"/\");\nhome.getMainBanner().should(\"be.visible\");\n// Step 2: Go to Products\nhome.getProductsButton().click();\nproducts.verifyAllProductsPage();\n// Step 3: Click on product detail\ncy.get(products.productCards).first().find(\"a\").contains(\"View Product\").click();\nproducts.verifyProductDetailVisible();\n// Step 4: Set quantity to 4\nproducts.setProductQuantity(4);\n// Step 5: Add to Cart\nproducts.addToCartFromDetail();\nproducts.clickViewCart();\n// Step 6: Verify quantity in cart\ncart.verifyCartPageVisible();\ncart.verifyProductQuantity(4);",
              "err": {},
              "uuid": "51a281dd-9fc1-448c-98d5-4c2f7537b02b",
              "parentUUID": "dbefb619-6ae3-4cef-976b-3f2d4eb87e92",
              "isHook": false,
              "skipped": false
            }
          ],
          "suites": [],
          "passes": [
            "51a281dd-9fc1-448c-98d5-4c2f7537b02b"
          ],
          "failures": [],
          "pending": [],
          "skipped": [],
          "duration": 26931,
          "root": false,
          "rootEmpty": false,
          "_timeout": 2000
        }
      ],
      "passes": [],
      "failures": [],
      "pending": [],
      "skipped": [],
      "duration": 0,
      "root": true,
      "rootEmpty": true,
      "_timeout": 2000
    }
  ],
  "meta": {
    "mocha": {
      "version": "7.2.0"
    },
    "mochawesome": {
      "options": {
        "quiet": false,
        "reportFilename": "mochawesome",
        "saveHtml": false,
        "saveJson": true,
        "consoleReporter": "spec",
        "useInlineDiffs": false,
        "code": true
      },
      "version": "7.1.4"
    },
    "marge": {
      "options": {
        "reportDir": "results/mochawesome",
        "overwrite": false,
        "html": false,
        "json": true
      },
      "version": "6.3.0"
    }
  }
}