{
  "stats": {
    "suites": 1,
    "tests": 1,
    "passes": 1,
    "pending": 0,
    "failures": 0,
    "start": "2025-09-21T21:31:11.272Z",
    "end": "2025-09-21T21:31:31.266Z",
    "duration": 19994,
    "testsRegistered": 1,
    "passPercent": 100,
    "pendingPercent": 0,
    "other": 0,
    "hasOther": false,
    "skipped": 0,
    "hasSkipped": false
  },
  "results": [
    {
      "uuid": "6555be26-66ef-4bbe-86c5-10382367baf1",
      "title": "",
      "fullFile": "cypress\\e2e\\auth\\TC02_login_user.cy.js",
      "file": "cypress\\e2e\\auth\\TC02_login_user.cy.js",
      "beforeHooks": [],
      "afterHooks": [],
      "tests": [],
      "suites": [
        {
          "uuid": "ded79528-ffe9-43e1-85cf-9e8bc34a5bc6",
          "title": "TC02 - Login User with correct credentials",
          "fullFile": "",
          "file": "",
          "beforeHooks": [],
          "afterHooks": [],
          "tests": [
            {
              "title": "Register, logout, login again, and delete account",
              "fullTitle": "TC02 - Login User with correct credentials Register, logout, login again, and delete account",
              "timedOut": null,
              "duration": 19964,
              "state": "passed",
              "speed": "slow",
              "pass": true,
              "fail": false,
              "pending": false,
              "context": null,
              "code": "const home = new _HomePage.default();\nconst auth = new _AuthPage.default();\nconst account = new _AccountPage.default();\n// --- Generate random user ---\nconst user = {\n  name: _faker.faker.person.firstName() + ' ' + _faker.faker.person.lastName(),\n  email: _faker.faker.internet.email(),\n  password: _faker.faker.internet.password(),\n  day: '10',\n  month: '5',\n  year: '1990',\n  firstName: _faker.faker.person.firstName(),\n  lastName: _faker.faker.person.lastName(),\n  company: _faker.faker.company.name(),\n  address1: _faker.faker.location.streetAddress(),\n  address2: _faker.faker.location.secondaryAddress(),\n  country: 'Canada',\n  state: _faker.faker.location.state(),\n  city: _faker.faker.location.city(),\n  zipcode: _faker.faker.location.zipCode(),\n  mobileNumber: _faker.faker.phone.number()\n};\n// --- Step 1: Register new user ---\ncy.visit('/');\nhome.getMainBanner().should('be.visible');\nhome.getSignupLoginButton().click();\nauth.getNewUserSignupTitle().should('be.visible');\nauth.fillSignupNameEmail(user.name, user.email);\nauth.submitSignup();\nauth.fillAccountInformation(user);\nauth.submitCreateAccount();\nauth.getAccountCreatedTitle().should('be.visible');\nauth.getContinueButton().click();\n// Verify user is logged in\ncy.contains(`Logged in as ${user.name}`, {\n  timeout: 15000\n}).should('be.visible');\n// --- Step 2: Logout ---\naccount.getLogoutButton().click();\nauth.getLoginTitle().should('be.visible');\n// --- Step 3: Login with same user ---\nauth.fillLogin(user.email, user.password);\nauth.submitLogin();\n// Verify login success\ncy.get('a[href=\"/logout\"]', {\n  timeout: 15000\n}).should('be.visible');\ncy.contains(`Logged in as ${user.name}`, {\n  timeout: 15000\n}).should('be.visible');\n// --- Step 4: Delete account ---\naccount.getDeleteAccountButton().click();\naccount.getAccountDeletedTitle().should('be.visible');\ncy.get('a').contains('Continue').click();",
              "err": {},
              "uuid": "f199bc15-ae01-4a44-893d-96ab5c399272",
              "parentUUID": "ded79528-ffe9-43e1-85cf-9e8bc34a5bc6",
              "isHook": false,
              "skipped": false
            }
          ],
          "suites": [],
          "passes": [
            "f199bc15-ae01-4a44-893d-96ab5c399272"
          ],
          "failures": [],
          "pending": [],
          "skipped": [],
          "duration": 19964,
          "root": false,
          "rootEmpty": false,
          "_timeout": 2000
        }
      ],
      "passes": [],
      "failures": [],
      "pending": [],
      "skipped": [],
      "duration": 0,
      "root": true,
      "rootEmpty": true,
      "_timeout": 2000
    }
  ],
  "meta": {
    "mocha": {
      "version": "7.2.0"
    },
    "mochawesome": {
      "options": {
        "quiet": false,
        "reportFilename": "mochawesome",
        "saveHtml": false,
        "saveJson": true,
        "consoleReporter": "spec",
        "useInlineDiffs": false,
        "code": true
      },
      "version": "7.1.4"
    },
    "marge": {
      "options": {
        "reportDir": "results/mochawesome",
        "overwrite": false,
        "html": false,
        "json": true
      },
      "version": "6.3.0"
    }
  }
}