{
  "stats": {
    "suites": 1,
    "tests": 1,
    "passes": 1,
    "pending": 0,
    "failures": 0,
    "start": "2025-09-21T21:35:27.120Z",
    "end": "2025-09-21T21:35:35.122Z",
    "duration": 8002,
    "testsRegistered": 1,
    "passPercent": 100,
    "pendingPercent": 0,
    "other": 0,
    "hasOther": false,
    "skipped": 0,
    "hasSkipped": false
  },
  "results": [
    {
      "uuid": "9d647138-2bf9-41ce-a538-d460d89dd67b",
      "title": "",
      "fullFile": "cypress\\e2e\\products\\TC13_product_quantity.cy.js",
      "file": "cypress\\e2e\\products\\TC13_product_quantity.cy.js",
      "beforeHooks": [],
      "afterHooks": [],
      "tests": [],
      "suites": [
        {
          "uuid": "23b77660-b701-4cd9-a070-8fcf69571f77",
          "title": "TC13 - Verify Product Quantity in Cart",
          "fullFile": "",
          "file": "",
          "beforeHooks": [],
          "afterHooks": [],
          "tests": [
            {
              "title": "Should add product with quantity 4 to cart",
              "fullTitle": "TC13 - Verify Product Quantity in Cart Should add product with quantity 4 to cart",
              "timedOut": null,
              "duration": 7968,
              "state": "passed",
              "speed": "medium",
              "pass": true,
              "fail": false,
              "pending": false,
              "context": null,
              "code": "cy.visit(\"/\");\nhome.getMainBanner().should(\"be.visible\");\nhome.getProductsButton().click();\nproducts.verifyAllProductsPage();\ncy.get(products.productCards).first().contains(\"View Product\").click();\nproducts.verifyProductDetailVisible();\nproducts.setProductQuantity(4);\nproducts.addToCartFromDetail();\nproducts.clickViewCart();\ncart.verifyCartPageVisible();\ncart.verifyProductQuantity(4);",
              "err": {},
              "uuid": "23da5470-5e5f-475d-bbdc-45e7f43d72aa",
              "parentUUID": "23b77660-b701-4cd9-a070-8fcf69571f77",
              "isHook": false,
              "skipped": false
            }
          ],
          "suites": [],
          "passes": [
            "23da5470-5e5f-475d-bbdc-45e7f43d72aa"
          ],
          "failures": [],
          "pending": [],
          "skipped": [],
          "duration": 7968,
          "root": false,
          "rootEmpty": false,
          "_timeout": 2000
        }
      ],
      "passes": [],
      "failures": [],
      "pending": [],
      "skipped": [],
      "duration": 0,
      "root": true,
      "rootEmpty": true,
      "_timeout": 2000
    }
  ],
  "meta": {
    "mocha": {
      "version": "7.2.0"
    },
    "mochawesome": {
      "options": {
        "quiet": false,
        "reportFilename": "mochawesome",
        "saveHtml": false,
        "saveJson": true,
        "consoleReporter": "spec",
        "useInlineDiffs": false,
        "code": true
      },
      "version": "7.1.4"
    },
    "marge": {
      "options": {
        "reportDir": "results/mochawesome",
        "overwrite": false,
        "html": false,
        "json": true
      },
      "version": "6.3.0"
    }
  }
}