{
  "stats": {
    "suites": 1,
    "tests": 1,
    "passes": 1,
    "pending": 0,
    "failures": 0,
    "start": "2025-09-21T21:33:08.394Z",
    "end": "2025-09-21T21:33:30.405Z",
    "duration": 22011,
    "testsRegistered": 1,
    "passPercent": 100,
    "pendingPercent": 0,
    "other": 0,
    "hasOther": false,
    "skipped": 0,
    "hasSkipped": false
  },
  "results": [
    {
      "uuid": "88f313c4-8f06-419a-a568-858222222c41",
      "title": "",
      "fullFile": "cypress\\e2e\\checkout\\TC15_register_before_checkout.cy.js",
      "file": "cypress\\e2e\\checkout\\TC15_register_before_checkout.cy.js",
      "beforeHooks": [],
      "afterHooks": [],
      "tests": [],
      "suites": [
        {
          "uuid": "f3cb8208-1b93-48ab-890f-23b984fd1e71",
          "title": "TC15 - Place Order: Register before Checkout",
          "fullFile": "",
          "file": "",
          "beforeHooks": [],
          "afterHooks": [],
          "tests": [
            {
              "title": "Should register user before checkout and place order",
              "fullTitle": "TC15 - Place Order: Register before Checkout Should register user before checkout and place order",
              "timedOut": null,
              "duration": 21974,
              "state": "passed",
              "speed": "slow",
              "pass": true,
              "fail": false,
              "pending": false,
              "context": null,
              "code": "const home = new _HomePage.default();\nconst products = new _ProductsPage.default();\nconst cart = new _CartPage.default();\nconst auth = new _AuthPage.default();\nconst account = new _AccountPage.default();\nconst checkout = new _CheckoutPage.default();\nconst payment = new _PaymentPage.default();\nconst user = {\n  title: \"Mr\",\n  name: _faker.faker.person.firstName(),\n  email: _faker.faker.internet.email(),\n  password: \"Test@1234\",\n  day: \"5\",\n  month: \"6\",\n  year: \"1990\",\n  firstName: _faker.faker.person.firstName(),\n  lastName: _faker.faker.person.lastName(),\n  company: \"Test Co\",\n  address1: \"123 Test St\",\n  address2: \"Suite 5\",\n  country: \"Canada\",\n  state: \"Ontario\",\n  city: \"Toronto\",\n  zipcode: \"5000\",\n  mobileNumber: \"09170001111\",\n  newsletter: true,\n  offers: true\n};\n// Step 1: Visit home page\ncy.visit(\"/\");\nhome.getMainBanner().should(\"be.visible\");\n// Step 2–6: Register new user\nhome.getSignupLoginButton().click();\nauth.fillSignupNameEmail(user.name, user.email);\nauth.submitSignup();\nauth.fillAccountInformation(user);\nauth.submitCreateAccount();\nauth.getAccountCreatedTitle().should(\"be.visible\");\nauth.clickContinueAfterAccountAction();\n// Step 7: Confirm logged in\naccount.getLoggedInAs(user.name).should(\"be.visible\");\n// Step 8–10: Add product & view cart\nhome.getProductsButton().click();\nproducts.verifyAllProductsPage();\ncart.addProductToCartByIndex(0); // ✅ goes straight to cart\ncart.verifyCartPageVisible();\n// Step 11: Proceed to checkout\ncart.clickProceedToCheckout();\n// Step 12: Verify checkout details\ncheckout.verifyAddressDetails(user);\ncheckout.verifyReviewOrder();\n// Step 13–15: Place order\ncheckout.fillOrderComment(\"Test order\");\ncheckout.clickPlaceOrder();\npayment.fillPaymentDetails({\n  name: `${user.firstName} ${user.lastName}`,\n  cardNumber: \"4111111111111111\",\n  cvc: \"123\",\n  expiryMonth: \"12\",\n  expiryYear: \"2030\"\n});\npayment.submitPayment();\npayment.verifyPaymentSuccess();\n// Step 17–18: Delete account after test\naccount.getDeleteAccountButton().click();\naccount.getAccountDeletedTitle().should(\"be.visible\");\nauth.clickContinueAfterAccountAction();",
              "err": {},
              "uuid": "b413e9b5-1816-4cc7-a3dd-13066ea49dcf",
              "parentUUID": "f3cb8208-1b93-48ab-890f-23b984fd1e71",
              "isHook": false,
              "skipped": false
            }
          ],
          "suites": [],
          "passes": [
            "b413e9b5-1816-4cc7-a3dd-13066ea49dcf"
          ],
          "failures": [],
          "pending": [],
          "skipped": [],
          "duration": 21974,
          "root": false,
          "rootEmpty": false,
          "_timeout": 2000
        }
      ],
      "passes": [],
      "failures": [],
      "pending": [],
      "skipped": [],
      "duration": 0,
      "root": true,
      "rootEmpty": true,
      "_timeout": 2000
    }
  ],
  "meta": {
    "mocha": {
      "version": "7.2.0"
    },
    "mochawesome": {
      "options": {
        "quiet": false,
        "reportFilename": "mochawesome",
        "saveHtml": false,
        "saveJson": true,
        "consoleReporter": "spec",
        "useInlineDiffs": false,
        "code": true
      },
      "version": "7.1.4"
    },
    "marge": {
      "options": {
        "reportDir": "results/mochawesome",
        "overwrite": false,
        "html": false,
        "json": true
      },
      "version": "6.3.0"
    }
  }
}