{
  "stats": {
    "suites": 1,
    "tests": 1,
    "passes": 1,
    "pending": 0,
    "failures": 0,
    "start": "2025-09-21T21:35:37.693Z",
    "end": "2025-09-21T21:35:42.875Z",
    "duration": 5182,
    "testsRegistered": 1,
    "passPercent": 100,
    "pendingPercent": 0,
    "other": 0,
    "hasOther": false,
    "skipped": 0,
    "hasSkipped": false
  },
  "results": [
    {
      "uuid": "d911a19a-44da-45f7-8416-c74e1d23e934",
      "title": "",
      "fullFile": "cypress\\e2e\\products\\TC18_category_products.cy.js",
      "file": "cypress\\e2e\\products\\TC18_category_products.cy.js",
      "beforeHooks": [],
      "afterHooks": [],
      "tests": [],
      "suites": [
        {
          "uuid": "c7033bb7-5673-43f4-baa0-dace43b87715",
          "title": "TC18 - View Category Products",
          "fullFile": "",
          "file": "",
          "beforeHooks": [],
          "afterHooks": [],
          "tests": [
            {
              "title": "Should navigate and verify category products",
              "fullTitle": "TC18 - View Category Products Should navigate and verify category products",
              "timedOut": null,
              "duration": 5161,
              "state": "passed",
              "speed": "medium",
              "pass": true,
              "fail": false,
              "pending": false,
              "context": null,
              "code": "cy.visit(\"/\");\nhome.getMainBanner().should(\"be.visible\");\n// Step 3: Verify categories\nproducts.verifyCategoriesVisible();\n// Step 4-6: Click Women > Dress\nproducts.selectCategory(\"Women\", \"Dress\");\ncy.contains(/WOMEN - DRESS/i).should(\"be.visible\");\n// Step 7-8: Click Men > Tshirts\nproducts.selectCategory(\"Men\", \"Tshirts\");\ncy.contains(/MEN - TSHIRTS/i).should(\"be.visible\");",
              "err": {},
              "uuid": "30c2ae20-8633-4d0d-84e7-d4d699d9d3e3",
              "parentUUID": "c7033bb7-5673-43f4-baa0-dace43b87715",
              "isHook": false,
              "skipped": false
            }
          ],
          "suites": [],
          "passes": [
            "30c2ae20-8633-4d0d-84e7-d4d699d9d3e3"
          ],
          "failures": [],
          "pending": [],
          "skipped": [],
          "duration": 5161,
          "root": false,
          "rootEmpty": false,
          "_timeout": 2000
        }
      ],
      "passes": [],
      "failures": [],
      "pending": [],
      "skipped": [],
      "duration": 0,
      "root": true,
      "rootEmpty": true,
      "_timeout": 2000
    }
  ],
  "meta": {
    "mocha": {
      "version": "7.2.0"
    },
    "mochawesome": {
      "options": {
        "quiet": false,
        "reportFilename": "mochawesome",
        "saveHtml": false,
        "saveJson": true,
        "consoleReporter": "spec",
        "useInlineDiffs": false,
        "code": true
      },
      "version": "7.1.4"
    },
    "marge": {
      "options": {
        "reportDir": "results/mochawesome",
        "overwrite": false,
        "html": false,
        "json": true
      },
      "version": "6.3.0"
    }
  }
}