{
  "stats": {
    "suites": 1,
    "tests": 1,
    "passes": 1,
    "pending": 0,
    "failures": 0,
    "start": "2025-09-21T21:32:33.672Z",
    "end": "2025-09-21T21:33:01.915Z",
    "duration": 28243,
    "testsRegistered": 1,
    "passPercent": 100,
    "pendingPercent": 0,
    "other": 0,
    "hasOther": false,
    "skipped": 0,
    "hasSkipped": false
  },
  "results": [
    {
      "uuid": "93de511e-56a4-4670-8e2c-5051f249e2d5",
      "title": "",
      "fullFile": "cypress\\e2e\\checkout\\TC14_register_during_checkout.cy.js",
      "file": "cypress\\e2e\\checkout\\TC14_register_during_checkout.cy.js",
      "beforeHooks": [],
      "afterHooks": [],
      "tests": [],
      "suites": [
        {
          "uuid": "d6809ff3-3cf1-4f3f-91f3-31dff18fcda7",
          "title": "TC14 - Place Order: Register while Checkout",
          "fullFile": "",
          "file": "",
          "beforeHooks": [],
          "afterHooks": [],
          "tests": [
            {
              "title": "Should register user during checkout and place order",
              "fullTitle": "TC14 - Place Order: Register while Checkout Should register user during checkout and place order",
              "timedOut": null,
              "duration": 28201,
              "state": "passed",
              "speed": "slow",
              "pass": true,
              "fail": false,
              "pending": false,
              "context": null,
              "code": "const home = new _HomePage.default();\nconst products = new _ProductsPage.default();\nconst cart = new _CartPage.default();\nconst auth = new _AuthPage.default();\nconst account = new _AccountPage.default();\nconst checkout = new _CheckoutPage.default();\nconst payment = new _PaymentPage.default();\nconst user = {\n  title: \"Mr\",\n  name: _faker.faker.person.firstName(),\n  email: _faker.faker.internet.email(),\n  password: \"Test@1234\",\n  day: \"1\",\n  month: \"1\",\n  year: \"1990\",\n  firstName: _faker.faker.person.firstName(),\n  lastName: _faker.faker.person.lastName(),\n  company: \"ACME Inc.\",\n  address1: \"123 Test St\",\n  address2: \"Apt 2\",\n  country: \"Canada\",\n  state: \"Ontario\",\n  city: \"Toronto\",\n  zipcode: \"1000\",\n  mobileNumber: \"09171234567\",\n  newsletter: true,\n  offers: true\n};\n// Step 1: Visit home page\ncy.visit(\"/\");\nhome.getMainBanner().should(\"be.visible\");\n// Step 2: Navigate to Products and add first product to cart\nhome.getProductsButton().click();\nproducts.verifyAllProductsPage();\ncart.addProductToCartByIndex(0); // ✅ now handles modal + redirects to cart\n// Step 3: Proceed to checkout from cart\ncart.clickProceedToCheckout();\n// Step 4: Register during checkout\ncheckout.clickRegisterLogin();\nauth.fillSignupNameEmail(user.name, user.email);\nauth.submitSignup();\nauth.fillAccountInformation(user);\nauth.submitCreateAccount();\nauth.getAccountCreatedTitle().should(\"be.visible\");\nauth.clickContinueAfterAccountAction();\n// Step 5: Confirm logged in\naccount.getLoggedInAs(user.name).should(\"be.visible\");\n// Step 6: Go back to Cart via top nav and proceed to checkout again\ncart.clickCartTopNav();\ncart.clickProceedToCheckout();\n// Step 7: Verify addresses and review order\ncheckout.verifyAddressDetails(user);\ncheckout.verifyReviewOrder();\ncheckout.fillOrderComment(\"Please deliver fast\");\n// Step 8: Place order\ncheckout.clickPlaceOrder();\npayment.fillPaymentDetails({\n  name: `${user.firstName} ${user.lastName}`,\n  cardNumber: \"4111111111111111\",\n  cvc: \"123\",\n  expiryMonth: \"12\",\n  expiryYear: \"2030\"\n});\npayment.submitPayment();\npayment.verifyPaymentSuccess();\n// Step 9: Delete account after test\naccount.getDeleteAccountButton().click();\naccount.getAccountDeletedTitle().should(\"be.visible\");\nauth.clickContinueAfterAccountAction();",
              "err": {},
              "uuid": "2cc086e0-2f55-4db1-bcf0-5701ce4ea6e3",
              "parentUUID": "d6809ff3-3cf1-4f3f-91f3-31dff18fcda7",
              "isHook": false,
              "skipped": false
            }
          ],
          "suites": [],
          "passes": [
            "2cc086e0-2f55-4db1-bcf0-5701ce4ea6e3"
          ],
          "failures": [],
          "pending": [],
          "skipped": [],
          "duration": 28201,
          "root": false,
          "rootEmpty": false,
          "_timeout": 2000
        }
      ],
      "passes": [],
      "failures": [],
      "pending": [],
      "skipped": [],
      "duration": 0,
      "root": true,
      "rootEmpty": true,
      "_timeout": 2000
    }
  ],
  "meta": {
    "mocha": {
      "version": "7.2.0"
    },
    "mochawesome": {
      "options": {
        "quiet": false,
        "reportFilename": "mochawesome",
        "saveHtml": false,
        "saveJson": true,
        "consoleReporter": "spec",
        "useInlineDiffs": false,
        "code": true
      },
      "version": "7.1.4"
    },
    "marge": {
      "options": {
        "reportDir": "results/mochawesome",
        "overwrite": false,
        "html": false,
        "json": true
      },
      "version": "6.3.0"
    }
  }
}