{
  "stats": {
    "suites": 1,
    "tests": 1,
    "passes": 1,
    "pending": 0,
    "failures": 0,
    "start": "2025-09-21T21:36:04.647Z",
    "end": "2025-09-21T21:36:14.490Z",
    "duration": 9843,
    "testsRegistered": 1,
    "passPercent": 100,
    "pendingPercent": 0,
    "other": 0,
    "hasOther": false,
    "skipped": 0,
    "hasSkipped": false
  },
  "results": [
    {
      "uuid": "5b0109e4-c16d-4180-90e7-0d1aba35fa84",
      "title": "",
      "fullFile": "cypress\\e2e\\products\\TC22_recommended_items.cy.js",
      "file": "cypress\\e2e\\products\\TC22_recommended_items.cy.js",
      "beforeHooks": [],
      "afterHooks": [],
      "tests": [],
      "suites": [
        {
          "uuid": "022faad3-2e65-489d-947d-ca6432a88fb9",
          "title": "TC22 - Add to Cart from Recommended Items",
          "fullFile": "",
          "file": "",
          "beforeHooks": [],
          "afterHooks": [],
          "tests": [
            {
              "title": "Should add recommended item to cart",
              "fullTitle": "TC22 - Add to Cart from Recommended Items Should add recommended item to cart",
              "timedOut": null,
              "duration": 9811,
              "state": "passed",
              "speed": "medium",
              "pass": true,
              "fail": false,
              "pending": false,
              "context": null,
              "code": "cy.visit(\"/\");\nhome.getMainBanner().should(\"be.visible\");\n// Step 3-4: Scroll to bottom and verify recommended\ncy.scrollTo(\"bottom\");\nproducts.verifyRecommendedItemsVisible();\n// Step 5: Add first recommended product\nproducts.addRecommendedItemToCart(0);\n// Step 6: Click View Cart\nproducts.clickViewCart();\n// Step 7: Verify product in cart\ncart.verifyCartPageVisible();\ncart.verifyProductsInCart([0]);",
              "err": {},
              "uuid": "f9670b83-48bf-4c1b-b4b6-f5ed2f2f3a47",
              "parentUUID": "022faad3-2e65-489d-947d-ca6432a88fb9",
              "isHook": false,
              "skipped": false
            }
          ],
          "suites": [],
          "passes": [
            "f9670b83-48bf-4c1b-b4b6-f5ed2f2f3a47"
          ],
          "failures": [],
          "pending": [],
          "skipped": [],
          "duration": 9811,
          "root": false,
          "rootEmpty": false,
          "_timeout": 2000
        }
      ],
      "passes": [],
      "failures": [],
      "pending": [],
      "skipped": [],
      "duration": 0,
      "root": true,
      "rootEmpty": true,
      "_timeout": 2000
    }
  ],
  "meta": {
    "mocha": {
      "version": "7.2.0"
    },
    "mochawesome": {
      "options": {
        "quiet": false,
        "reportFilename": "mochawesome",
        "saveHtml": false,
        "saveJson": true,
        "consoleReporter": "spec",
        "useInlineDiffs": false,
        "code": true
      },
      "version": "7.1.4"
    },
    "marge": {
      "options": {
        "reportDir": "results/mochawesome",
        "overwrite": false,
        "html": false,
        "json": true
      },
      "version": "6.3.0"
    }
  }
}